

Microchip Technology PIC18 LITE Macro Assembler V1.36 build -262312587 
                                                                                               Tue Jun  6 05:06:47 2023

Microchip Technology Omniscient Code Generator v1.36 (Free mode) build 201601150325
     1                           	processor	18F4580
     2                           	fnconf	rparam,??,?,0
     3                           	opt	pw 120
     4                           	opt	lm
     5                           	psect	cinit,global,reloc=2,class=CODE,delta=1
     6                           	psect	bssCOMRAM,global,class=COMRAM,space=1,delta=1
     7                           	psect	cstackCOMRAM,global,class=COMRAM,space=1,delta=1
     8                           	psect	text0,global,reloc=2,class=CODE,delta=1
     9                           	psect	text1,global,reloc=2,class=CODE,delta=1
    10                           	psect	text2,global,reloc=2,class=CODE,delta=1
    11                           	psect	intcode,global,reloc=2,class=CODE,delta=1
    12                           	psect	intcode_body,global,reloc=2,class=CODE,delta=1
    13                           	psect	intsave_regs,global,class=BIGRAM,space=1,delta=1
    14                           	psect	rparam,global,class=COMRAM,space=1,delta=1
    15                           	psect	temp,global,ovrld,common,class=COMRAM,space=1,delta=1
    16  0000                     _TMR0	set	4054
    17  0000                     _ADCON1	set	4033
    18  0000                     _PORTB	set	3969
    19  0000                     _TRISB	set	3987
    20  0000                     _GIE	set	32663
    21  0000                     _PEIE	set	32662
    22  0000                     _PSA	set	32427
    23  0000                     _T08BIT	set	32430
    24  0000                     _T0CS	set	32429
    25  0000                     _TMR0IE	set	32661
    26  0000                     _TMR0IF	set	32658
    27  0000                     _TMR0ON	set	32431
    28                           
    29                           ; #config settings
    30                           
    31                           	psect	cinit
    32  0000E2                     __pcinit:
    33                           	opt stack 0
    34  0000E2                     start_initialization:
    35                           	opt stack 0
    36  0000E2                     __initialization:
    37                           	opt stack 0
    38                           
    39                           ; Clear objects allocated to COMRAM (2 bytes)
    40  0000E2  6A10               	clrf	(__pbssCOMRAM+1)& (0+255),c
    41  0000E4  6A0F               	clrf	__pbssCOMRAM& (0+255),c
    42  0000E6                     end_of_initialization:
    43                           	opt stack 0
    44  0000E6                     __end_of__initialization:
    45                           	opt stack 0
    46  0000E6  9011               	bcf	int$flags,0,c	;clear compiler interrupt flag (level 1)
    47  0000E8  9211               	bcf	int$flags,1,c	;clear compiler interrupt flag (level 2)
    48  0000EA  0100               	movlb	0
    49  0000EC  EF78  F000         	goto	_main	;jump to C main() function
    50                           
    51                           	psect	bssCOMRAM
    52  00000F                     __pbssCOMRAM:
    53                           	opt stack 0
    54  00000F                     isr@count:
    55                           	opt stack 0
    56  00000F                     	ds	2
    57                           
    58                           	psect	cstackCOMRAM
    59  000001                     __pcstackCOMRAM:
    60                           	opt stack 0
    61  000001                     ??_isr:
    62  000001                     
    63                           ; 1 bytes @ 0x0
    64  000001                     	ds	14
    65  00000F                     
    66                           ; 1 bytes @ 0xE
    67 ;;
    68 ;;Main: autosize = 0, tempsize = 0, incstack = 0, save=0
    69 ;;
    70 ;; *************** function _main *****************
    71 ;; Defined at:
    72 ;;		line 41 in file "main.c"
    73 ;; Parameters:    Size  Location     Type
    74 ;;		None
    75 ;; Auto vars:     Size  Location     Type
    76 ;;		None
    77 ;; Return value:  Size  Location     Type
    78 ;;                  1    wreg      void 
    79 ;; Registers used:
    80 ;;		wreg, status,2, cstack
    81 ;; Tracked objects:
    82 ;;		On entry : 0/0
    83 ;;		On exit  : 0/0
    84 ;;		Unchanged: 0/0
    85 ;; Data sizes:     COMRAM   BANK0   BANK1   BANK2   BANK3   BANK4   BANK5
    86 ;;      Params:         0       0       0       0       0       0       0
    87 ;;      Locals:         0       0       0       0       0       0       0
    88 ;;      Temps:          0       0       0       0       0       0       0
    89 ;;      Totals:         0       0       0       0       0       0       0
    90 ;;Total ram usage:        0 bytes
    91 ;; Hardware stack levels required when called:    3
    92 ;; This function calls:
    93 ;;		_init_config
    94 ;; This function is called by:
    95 ;;		Startup code after reset
    96 ;; This function uses a non-reentrant model
    97 ;;
    98                           
    99                           	psect	text0
   100  0000F0                     __ptext0:
   101                           	opt stack 0
   102  0000F0                     _main:
   103                           	opt stack 28
   104                           
   105                           ;main.c: 43: init_config();
   106                           
   107                           ;incstack = 0
   108  0000F0  EC68  F000         	call	_init_config	;wreg free
   109  0000F4                     l42:
   110                           
   111                           ;main.c: 45: {
   112  0000F4  D7FF               	goto	l42
   113  0000F6                     __end_of_main:
   114                           	opt stack 0
   115                           
   116 ;; *************** function _init_config *****************
   117 ;; Defined at:
   118 ;;		line 6 in file "main.c"
   119 ;; Parameters:    Size  Location     Type
   120 ;;		None
   121 ;; Auto vars:     Size  Location     Type
   122 ;;		None
   123 ;; Return value:  Size  Location     Type
   124 ;;                  1    wreg      void 
   125 ;; Registers used:
   126 ;;		wreg, status,2, cstack
   127 ;; Tracked objects:
   128 ;;		On entry : 0/0
   129 ;;		On exit  : 0/0
   130 ;;		Unchanged: 0/0
   131 ;; Data sizes:     COMRAM   BANK0   BANK1   BANK2   BANK3   BANK4   BANK5
   132 ;;      Params:         0       0       0       0       0       0       0
   133 ;;      Locals:         0       0       0       0       0       0       0
   134 ;;      Temps:          0       0       0       0       0       0       0
   135 ;;      Totals:         0       0       0       0       0       0       0
   136 ;;Total ram usage:        0 bytes
   137 ;; Hardware stack levels used:    1
   138 ;; Hardware stack levels required when called:    2
   139 ;; This function calls:
   140 ;;		_init_timer0
   141 ;; This function is called by:
   142 ;;		_main
   143 ;; This function uses a non-reentrant model
   144 ;;
   145                           
   146                           	psect	text1
   147  0000D0                     __ptext1:
   148                           	opt stack 0
   149  0000D0                     _init_config:
   150                           	opt stack 28
   151                           
   152                           ;main.c: 8: ADCON1=0X0F;
   153                           
   154                           ;incstack = 0
   155  0000D0  0E0F               	movlw	15
   156  0000D2  6EC1               	movwf	4033,c	;volatile
   157                           
   158                           ;main.c: 9: TRISB=0X00;
   159  0000D4  0E00               	movlw	0
   160  0000D6  6E93               	movwf	3987,c	;volatile
   161                           
   162                           ;main.c: 10: PORTB=0X00;
   163  0000D8  0E00               	movlw	0
   164  0000DA  6E81               	movwf	3969,c	;volatile
   165                           
   166                           ;main.c: 11: init_timer0();
   167  0000DC  EC5B  F000         	call	_init_timer0	;wreg free
   168  0000E0  0012               	return		;funcret
   169  0000E2                     __end_of_init_config:
   170                           	opt stack 0
   171                           
   172 ;; *************** function _init_timer0 *****************
   173 ;; Defined at:
   174 ;;		line 14 in file "main.c"
   175 ;; Parameters:    Size  Location     Type
   176 ;;		None
   177 ;; Auto vars:     Size  Location     Type
   178 ;;		None
   179 ;; Return value:  Size  Location     Type
   180 ;;                  1    wreg      void 
   181 ;; Registers used:
   182 ;;		wreg, status,2
   183 ;; Tracked objects:
   184 ;;		On entry : 0/0
   185 ;;		On exit  : 0/0
   186 ;;		Unchanged: 0/0
   187 ;; Data sizes:     COMRAM   BANK0   BANK1   BANK2   BANK3   BANK4   BANK5
   188 ;;      Params:         0       0       0       0       0       0       0
   189 ;;      Locals:         0       0       0       0       0       0       0
   190 ;;      Temps:          0       0       0       0       0       0       0
   191 ;;      Totals:         0       0       0       0       0       0       0
   192 ;;Total ram usage:        0 bytes
   193 ;; Hardware stack levels used:    1
   194 ;; Hardware stack levels required when called:    1
   195 ;; This function calls:
   196 ;;		Nothing
   197 ;; This function is called by:
   198 ;;		_init_config
   199 ;; This function uses a non-reentrant model
   200 ;;
   201                           
   202                           	psect	text2
   203  0000B6                     __ptext2:
   204                           	opt stack 0
   205  0000B6                     _init_timer0:
   206                           	opt stack 28
   207                           
   208                           ;main.c: 16: GIE=1;
   209                           
   210                           ;incstack = 0
   211  0000B6  8EF2               	bsf	intcon,7,c	;volatile
   212                           
   213                           ;main.c: 17: PEIE=1;
   214  0000B8  8CF2               	bsf	intcon,6,c	;volatile
   215                           
   216                           ;main.c: 18: TMR0IE=1;
   217  0000BA  8AF2               	bsf	intcon,5,c	;volatile
   218                           
   219                           ;main.c: 19: TMR0IF=0;
   220  0000BC  94F2               	bcf	intcon,2,c	;volatile
   221                           
   222                           ;main.c: 20: TMR0ON=1;
   223  0000BE  8ED5               	bsf	4053,7,c	;volatile
   224                           
   225                           ;main.c: 21: T08BIT=1;
   226  0000C0  8CD5               	bsf	4053,6,c	;volatile
   227                           
   228                           ;main.c: 22: T0CS=0;
   229  0000C2  9AD5               	bcf	4053,5,c	;volatile
   230                           
   231                           ;main.c: 23: PSA=1;
   232  0000C4  86D5               	bsf	4053,3,c	;volatile
   233                           
   234                           ;main.c: 24: TMR0=6;
   235  0000C6  0E00               	movlw	0
   236  0000C8  6ED7               	movwf	4055,c	;volatile
   237  0000CA  0E06               	movlw	6
   238  0000CC  6ED6               	movwf	4054,c	;volatile
   239  0000CE  0012               	return		;funcret
   240  0000D0                     __end_of_init_timer0:
   241                           	opt stack 0
   242                           intcon	equ	0xFF2
   243                           
   244 ;; *************** function _isr *****************
   245 ;; Defined at:
   246 ;;		line 26 in file "main.c"
   247 ;; Parameters:    Size  Location     Type
   248 ;;		None
   249 ;; Auto vars:     Size  Location     Type
   250 ;;		None
   251 ;; Return value:  Size  Location     Type
   252 ;;                  1    wreg      void 
   253 ;; Registers used:
   254 ;;		wreg, status,2, status,0
   255 ;; Tracked objects:
   256 ;;		On entry : 0/0
   257 ;;		On exit  : 0/0
   258 ;;		Unchanged: 0/0
   259 ;; Data sizes:     COMRAM   BANK0   BANK1   BANK2   BANK3   BANK4   BANK5
   260 ;;      Params:         0       0       0       0       0       0       0
   261 ;;      Locals:         0       0       0       0       0       0       0
   262 ;;      Temps:         14       0       0       0       0       0       0
   263 ;;      Totals:        14       0       0       0       0       0       0
   264 ;;Total ram usage:       14 bytes
   265 ;; Hardware stack levels used:    1
   266 ;; This function calls:
   267 ;;		Nothing
   268 ;; This function is called by:
   269 ;;		Interrupt level 2
   270 ;; This function uses a non-reentrant model
   271 ;;
   272                           
   273                           	psect	intcode
   274  000008                     __pintcode:
   275                           	opt stack 0
   276  000008                     _isr:
   277                           	opt stack 28
   278                           
   279                           ;incstack = 0
   280  000008  8211               	bsf	btemp,1,c	;set compiler interrupt flag (level 2)
   281  00000A  CFFA F001          	movff	pclath,??_isr
   282  00000E  CFFB F002          	movff	pclatu,??_isr+1
   283  000012  ED0D  F000         	call	int_func,f	;refresh shadow registers
   284                           pclatu	equ	0xFFB
   285                           pclath	equ	0xFFA
   286                           intcon	equ	0xFF2
   287                           
   288                           	psect	intcode_body
   289  00001A                     __pintcode_body:
   290                           	opt stack 28
   291  00001A                     int_func:
   292                           	opt stack 28
   293  00001A  0006               	pop		; remove dummy address from shadow register refresh
   294  00001C  CFE9 F003          	movff	fsr0l,??_isr+2
   295  000020  CFEA F004          	movff	fsr0h,??_isr+3
   296  000024  CFE1 F005          	movff	fsr1l,??_isr+4
   297  000028  CFE2 F006          	movff	fsr1h,??_isr+5
   298  00002C  CFD9 F007          	movff	fsr2l,??_isr+6
   299  000030  CFDA F008          	movff	fsr2h,??_isr+7
   300  000034  CFF3 F009          	movff	prodl,??_isr+8
   301  000038  CFF4 F00A          	movff	prodh,??_isr+9
   302  00003C  CFF6 F00B          	movff	tblptrl,??_isr+10
   303  000040  CFF7 F00C          	movff	tblptrh,??_isr+11
   304  000044  CFF8 F00D          	movff	tblptru,??_isr+12
   305  000048  CFF5 F00E          	movff	tablat,??_isr+13
   306                           
   307                           ;main.c: 28: static unsigned int count;
   308                           ;main.c: 29: if(TMR0IF)
   309  00004C  A4F2               	btfss	intcon,2,c	;volatile
   310  00004E  D015               	goto	i2l39
   311                           
   312                           ;main.c: 30: {
   313                           ;main.c: 31: TMR0=TMR0+8;
   314  000050  0E08               	movlw	8
   315  000052  24D6               	addwf	4054,w,c	;volatile
   316  000054  6ED6               	movwf	4054,c	;volatile
   317  000056  0E00               	movlw	0
   318  000058  20D7               	addwfc	4055,w,c	;volatile
   319  00005A  6ED7               	movwf	4055,c	;volatile
   320                           
   321                           ;main.c: 32: if(count++ == 20000)
   322  00005C  4A0F               	infsnz	isr@count,f,c
   323  00005E  2A10               	incf	isr@count+1,f,c
   324  000060  0E21               	movlw	33
   325  000062  180F               	xorwf	isr@count,w,c
   326  000064  E109               	bnz	i2l659
   327  000066  0E4E               	movlw	78
   328  000068  1810               	xorwf	isr@count+1,w,c
   329  00006A  A4D8               	btfss	status,2,c
   330  00006C  D005               	goto	i2l659
   331                           
   332                           ;main.c: 33: {
   333                           ;main.c: 34: PORTB = ~PORTB;
   334  00006E  1E81               	comf	3969,f,c	;volatile
   335                           
   336                           ;main.c: 35: count=0;
   337  000070  0E00               	movlw	0
   338  000072  6E10               	movwf	isr@count+1,c
   339  000074  0E00               	movlw	0
   340  000076  6E0F               	movwf	isr@count,c
   341  000078                     i2l659:
   342                           
   343                           ;main.c: 36: }
   344                           ;main.c: 37: TMR0IF=0;
   345  000078  94F2               	bcf	intcon,2,c	;volatile
   346  00007A                     i2l39:
   347  00007A  C00E  FFF5         	movff	??_isr+13,tablat
   348  00007E  C00D  FFF8         	movff	??_isr+12,tblptru
   349  000082  C00C  FFF7         	movff	??_isr+11,tblptrh
   350  000086  C00B  FFF6         	movff	??_isr+10,tblptrl
   351  00008A  C00A  FFF4         	movff	??_isr+9,prodh
   352  00008E  C009  FFF3         	movff	??_isr+8,prodl
   353  000092  C008  FFDA         	movff	??_isr+7,fsr2h
   354  000096  C007  FFD9         	movff	??_isr+6,fsr2l
   355  00009A  C006  FFE2         	movff	??_isr+5,fsr1h
   356  00009E  C005  FFE1         	movff	??_isr+4,fsr1l
   357  0000A2  C004  FFEA         	movff	??_isr+3,fsr0h
   358  0000A6  C003  FFE9         	movff	??_isr+2,fsr0l
   359  0000AA  C002  FFFB         	movff	??_isr+1,pclatu
   360  0000AE  C001  FFFA         	movff	??_isr,pclath
   361  0000B2  9211               	bcf	btemp,1,c	;clear compiler interrupt flag (level 2)
   362  0000B4  0011               	retfie		f
   363  0000B6                     __end_of_isr:
   364                           	opt stack 0
   365  0000                     pclatu	equ	0xFFB
   366                           pclath	equ	0xFFA
   367                           tblptru	equ	0xFF8
   368                           tblptrh	equ	0xFF7
   369                           tblptrl	equ	0xFF6
   370                           tablat	equ	0xFF5
   371                           prodh	equ	0xFF4
   372                           prodl	equ	0xFF3
   373                           intcon	equ	0xFF2
   374                           fsr0h	equ	0xFEA
   375                           fsr0l	equ	0xFE9
   376                           fsr1h	equ	0xFE2
   377                           fsr1l	equ	0xFE1
   378                           fsr2h	equ	0xFDA
   379                           fsr2l	equ	0xFD9
   380                           status	equ	0xFD8
   381                           pclatu	equ	0xFFB
   382                           pclath	equ	0xFFA
   383                           tblptru	equ	0xFF8
   384                           tblptrh	equ	0xFF7
   385                           tblptrl	equ	0xFF6
   386                           tablat	equ	0xFF5
   387                           prodh	equ	0xFF4
   388                           prodl	equ	0xFF3
   389                           intcon	equ	0xFF2
   390                           fsr0h	equ	0xFEA
   391                           fsr0l	equ	0xFE9
   392                           fsr1h	equ	0xFE2
   393                           fsr1l	equ	0xFE1
   394                           fsr2h	equ	0xFDA
   395                           fsr2l	equ	0xFD9
   396                           status	equ	0xFD8
   397                           
   398                           	psect	rparam
   399  0000                     pclatu	equ	0xFFB
   400                           pclath	equ	0xFFA
   401                           tblptru	equ	0xFF8
   402                           tblptrh	equ	0xFF7
   403                           tblptrl	equ	0xFF6
   404                           tablat	equ	0xFF5
   405                           prodh	equ	0xFF4
   406                           prodl	equ	0xFF3
   407                           intcon	equ	0xFF2
   408                           fsr0h	equ	0xFEA
   409                           fsr0l	equ	0xFE9
   410                           fsr1h	equ	0xFE2
   411                           fsr1l	equ	0xFE1
   412                           fsr2h	equ	0xFDA
   413                           fsr2l	equ	0xFD9
   414                           status	equ	0xFD8
   415                           
   416                           	psect	temp
   417  000011                     btemp:
   418                           	opt stack 0
   419  000011                     	ds	1
   420  0000                     int$flags	set	btemp
   421                           pclatu	equ	0xFFB
   422                           pclath	equ	0xFFA
   423                           tblptru	equ	0xFF8
   424                           tblptrh	equ	0xFF7
   425                           tblptrl	equ	0xFF6
   426                           tablat	equ	0xFF5
   427                           prodh	equ	0xFF4
   428                           prodl	equ	0xFF3
   429                           intcon	equ	0xFF2
   430                           fsr0h	equ	0xFEA
   431                           fsr0l	equ	0xFE9
   432                           fsr1h	equ	0xFE2
   433                           fsr1l	equ	0xFE1
   434                           fsr2h	equ	0xFDA
   435                           fsr2l	equ	0xFD9
   436                           status	equ	0xFD8


Data Sizes:
    Strings     0
    Constant    0
    Data        0
    BSS         2
    Persistent  0
    Stack       0

Auto Spaces:
    Space          Size  Autos    Used
    COMRAM           94     14      16
    BANK0           160      0       0
    BANK1           256      0       0
    BANK2           256      0       0
    BANK3           256      0       0
    BANK4           256      0       0
    BANK5           256      0       0

Pointer List with Targets:

    None.

Critical Paths under _main in COMRAM

    None.

Critical Paths under _isr in COMRAM

    None.

Critical Paths under _main in BANK0

    None.

Critical Paths under _isr in BANK0

    None.

Critical Paths under _main in BANK1

    None.

Critical Paths under _isr in BANK1

    None.

Critical Paths under _main in BANK2

    None.

Critical Paths under _isr in BANK2

    None.

Critical Paths under _main in BANK3

    None.

Critical Paths under _isr in BANK3

    None.

Critical Paths under _main in BANK4

    None.

Critical Paths under _isr in BANK4

    None.

Critical Paths under _main in BANK5

    None.

Critical Paths under _isr in BANK5

    None.

Call Graph Tables:

 ---------------------------------------------------------------------------------
 (Depth) Function   	        Calls       Base Space   Used Autos Params    Refs
 ---------------------------------------------------------------------------------
 (0) _main                                                 0     0      0       0
                        _init_config
 ---------------------------------------------------------------------------------
 (1) _init_config                                          0     0      0       0
                        _init_timer0
 ---------------------------------------------------------------------------------
 (2) _init_timer0                                          0     0      0       0
 ---------------------------------------------------------------------------------
 Estimated maximum stack depth 2
 ---------------------------------------------------------------------------------
 (Depth) Function   	        Calls       Base Space   Used Autos Params    Refs
 ---------------------------------------------------------------------------------
 (3) _isr                                                 14    14      0       0
                                              0 COMRAM    14    14      0
 ---------------------------------------------------------------------------------
 Estimated maximum stack depth 3
 ---------------------------------------------------------------------------------

 Call Graph Graphs:

 _main (ROOT)
   _init_config
     _init_timer0

 _isr (ROOT)

 Address spaces:
Name               Size   Autos  Total    Cost      Usage
BIGRAM             5FF      0       0      16        0.0%
EEDATA             100      0       0       0        0.0%
BITBANK5           100      0       0      14        0.0%
BANK5              100      0       0      15        0.0%
BITBANK4           100      0       0      12        0.0%
BANK4              100      0       0      13        0.0%
BITBANK3           100      0       0      10        0.0%
BANK3              100      0       0      11        0.0%
BITBANK2           100      0       0       8        0.0%
BANK2              100      0       0       9        0.0%
BITBANK1           100      0       0       6        0.0%
BANK1              100      0       0       7        0.0%
BITBANK0            A0      0       0       4        0.0%
BANK0               A0      0       0       5        0.0%
BITCOMRAM           5E      0       0       0        0.0%
COMRAM              5E      E      10       1       17.0%
BITSFR_3             0      0       0      40        0.0%
SFR_3                0      0       0      40        0.0%
BITSFR_2             0      0       0      40        0.0%
SFR_2                0      0       0      40        0.0%
BITSFR_1             0      0       0      40        0.0%
SFR_1                0      0       0      40        0.0%
BITSFR               0      0       0      40        0.0%
SFR                  0      0       0      40        0.0%
STACK                0      0       0       2        0.0%
NULL                 0      0       0       0        0.0%
ABS                  0      0      10       3        0.0%
DATA                 0      0      10      17        0.0%
CODE                 0      0       0       0        0.0%


Microchip Technology PIC18 Macro Assembler V1.36 build -262312587 
Symbol Table                                                                                   Tue Jun  6 05:06:47 2023

                     l42 00F4                      _GIE 007F97                      _PSA 007EAB  
                    _isr 0008                     ?_isr 0001                     _T0CS 007EAD  
                   _PEIE 007F96                     i2l39 007A                     _TMR0 000FD6  
                   _main 00F0                     fsr0h 000FEA                     fsr1h 000FE2  
                   fsr0l 000FE9                     fsr2h 000FDA                     fsr1l 000FE1  
                   fsr2l 000FD9                     btemp 0011                     pclat 000FFA  
                   prodh 000FF4                     prodl 000FF3                     start 0016  
           ___param_bank 000010                    ??_isr 0001                    ?_main 0001  
           ?_init_config 0001                    i2l659 0078                    _PORTB 000F81  
                  _TRISB 000F93             ?_init_timer0 0001                    tablat 000FF5  
                  status 000FD8          __initialization 00E2             __end_of_main 00F6  
                 ??_main 000F            __activetblptr 000000                   _ADCON1 000FC1  
                 _T08BIT 007EAE                   _TMR0IE 007F95                   _TMR0IF 007F92  
                 _TMR0ON 007EAF                   tblptrh 000FF7                   tblptrl 000FF6  
                 tblptru 000FF8               __accesstop 0060  __end_of__initialization 00E6  
          ___rparam_used 000001           __pcstackCOMRAM 0001     __size_of_init_config 0012  
   __size_of_init_timer0 001A                  __Hparam 0000                  __Lparam 0000  
                __pcinit 00E2                  __ramtop 0600                  __ptext0 00F0  
                __ptext1 00D0                  __ptext2 00B6             __size_of_isr 00AE  
         __pintcode_body 001A     end_of_initialization 00E6                  int_func 001A  
    start_initialization 00E2              __end_of_isr 00B6            ??_init_config 000F  
          ??_init_timer0 000F              __pbssCOMRAM 000F                __pintcode 0008  
    __end_of_init_config 00E2      __end_of_init_timer0 00D0                 __Hrparam 0000  
               __Lrparam 0000              _init_config 00D0              _init_timer0 00B6  
          __size_of_main 0006                 int$flags 0011                 isr@count 000F  
               intlevel2 0000  
