

Microchip Technology PIC18 LITE Macro Assembler V1.36 build -262312587 
                                                                                               Mon Jun  5 07:47:03 2023

Microchip Technology Omniscient Code Generator v1.36 (Free mode) build 201601150325
     1                           	processor	18F4580
     2                           	fnconf	rparam,??,?,0
     3                           	opt	pw 120
     4                           	opt	lm
     5                           	psect	cinit,global,reloc=2,class=CODE,delta=1
     6                           	psect	cstackCOMRAM,global,class=COMRAM,space=1,delta=1
     7                           	psect	text0,global,reloc=2,class=CODE,delta=1
     8                           	psect	text1,global,reloc=2,class=CODE,delta=1
     9                           	psect	text2,global,reloc=2,class=CODE,delta=1
    10                           	psect	text3,global,reloc=2,class=CODE,delta=1
    11                           	psect	text4,global,reloc=2,class=CODE,delta=1
    12                           	psect	text5,global,reloc=2,class=CODE,delta=1
    13                           	psect	text6,global,reloc=2,class=CODE,delta=1
    14                           	psect	intsave_regs,global,class=BIGRAM,space=1,delta=1
    15                           	psect	rparam,global,class=COMRAM,space=1,delta=1
    16  0000                     _PORTB	set	3969
    17  0000                     _PORTC	set	3970
    18  0000                     _TRISB	set	3987
    19  0000                     _TRISC	set	3988
    20                           
    21                           ; #config settings
    22                           
    23                           	psect	cinit
    24  002DD6                     __pcinit:
    25                           	opt stack 0
    26  002DD6                     start_initialization:
    27                           	opt stack 0
    28  002DD6                     __initialization:
    29                           	opt stack 0
    30  002DD6                     end_of_initialization:
    31                           	opt stack 0
    32  002DD6                     __end_of__initialization:
    33                           	opt stack 0
    34  002DD6  0100               	movlb	0
    35  002DD8  EFBE  F017         	goto	_main	;jump to C main() function
    36                           
    37                           	psect	cstackCOMRAM
    38  000001                     __pcstackCOMRAM:
    39                           	opt stack 0
    40  000001                     ??_patteren3:
    41  000001                     ??_patteren4:
    42  000001                     patteren1@delay:
    43                           	opt stack 0
    44  000001                     patteren2@delay:
    45                           	opt stack 0
    46                           
    47                           ; 4 bytes @ 0x0
    48  000001                     	ds	4
    49  000005                     patteren1@count:
    50                           	opt stack 0
    51  000005                     patteren2@count:
    52                           	opt stack 0
    53  000005                     patteren3@delay:
    54                           	opt stack 0
    55  000005                     patteren4@delay:
    56                           	opt stack 0
    57                           
    58                           ; 4 bytes @ 0x4
    59  000005                     	ds	4
    60  000009                     patteren3@flag:
    61                           	opt stack 0
    62  000009                     patteren4@flag:
    63                           	opt stack 0
    64                           
    65                           ; 1 bytes @ 0x8
    66  000009                     	ds	1
    67  00000A                     main@key:
    68                           	opt stack 0
    69                           
    70                           ; 1 bytes @ 0x9
    71  00000A                     	ds	1
    72  00000B                     main@flag:
    73                           	opt stack 0
    74                           
    75                           ; 1 bytes @ 0xA
    76  00000B                     	ds	1
    77                           
    78 ;;
    79 ;;Main: autosize = 0, tempsize = 0, incstack = 0, save=0
    80 ;;
    81 ;; *************** function _main *****************
    82 ;; Defined at:
    83 ;;		line 23 in file "main.c"
    84 ;; Parameters:    Size  Location     Type
    85 ;;		None
    86 ;; Auto vars:     Size  Location     Type
    87 ;;  flag            1   10[COMRAM] unsigned char 
    88 ;;  key             1    9[COMRAM] unsigned char 
    89 ;; Return value:  Size  Location     Type
    90 ;;                  1    wreg      void 
    91 ;; Registers used:
    92 ;;		wreg, status,2, status,0, cstack
    93 ;; Tracked objects:
    94 ;;		On entry : 0/0
    95 ;;		On exit  : 0/0
    96 ;;		Unchanged: 0/0
    97 ;; Data sizes:     COMRAM   BANK0   BANK1   BANK2   BANK3   BANK4   BANK5
    98 ;;      Params:         0       0       0       0       0       0       0
    99 ;;      Locals:         2       0       0       0       0       0       0
   100 ;;      Temps:          0       0       0       0       0       0       0
   101 ;;      Totals:         2       0       0       0       0       0       0
   102 ;;Total ram usage:        2 bytes
   103 ;; Hardware stack levels required when called:    1
   104 ;; This function calls:
   105 ;;		_init_config
   106 ;;		_patteren1
   107 ;;		_patteren2
   108 ;;		_patteren3
   109 ;;		_patteren4
   110 ;;		_read_digital_keypad
   111 ;; This function is called by:
   112 ;;		Startup code after reset
   113 ;; This function uses a non-reentrant model
   114 ;;
   115                           
   116                           	psect	text0
   117  002F7C                     __ptext0:
   118                           	opt stack 0
   119  002F7C                     _main:
   120                           	opt stack 30
   121                           
   122                           ;main.c: 25: init_config();
   123                           
   124                           ;incstack = 0
   125  002F7C  ECEE  F016         	call	_init_config	;wreg free
   126                           
   127                           ;main.c: 26: unsigned char key;
   128                           ;main.c: 27: unsigned char flag=0;
   129  002F80  0E00               	movlw	0
   130  002F82  6E0B               	movwf	main@flag,c
   131                           
   132                           ;main.c: 28: patteren1();
   133  002F84  EC83  F017         	call	_patteren1	;wreg free
   134  002F88                     l765:
   135                           
   136                           ;main.c: 30: {
   137                           ;main.c: 32: key=read_digital_keypad(1);
   138  002F88  0E01               	movlw	1
   139  002F8A  ECE8  F016         	call	_read_digital_keypad
   140  002F8E  6E0A               	movwf	main@key,c
   141                           
   142                           ;main.c: 34: if(key==0x0e)
   143  002F90  0E0E               	movlw	14
   144  002F92  180A               	xorwf	main@key,w,c
   145  002F94  A4D8               	btfss	status,2,c
   146  002F96  D002               	goto	l771
   147                           
   148                           ;main.c: 35: {
   149                           ;main.c: 36: flag=1;
   150  002F98  0E01               	movlw	1
   151  002F9A  D005               	goto	L1
   152  002F9C                     l771:
   153                           
   154                           ;main.c: 39: else if(key==0x0d)
   155  002F9C  0E0D               	movlw	13
   156  002F9E  180A               	xorwf	main@key,w,c
   157  002FA0  A4D8               	btfss	status,2,c
   158  002FA2  D005               	goto	l775
   159                           
   160                           ;main.c: 40: {
   161                           ;main.c: 41: flag=2;
   162  002FA4  0E02               	movlw	2
   163  002FA6                     L1:
   164  002FA6  6E0B               	movwf	main@flag,c
   165                           
   166                           ;main.c: 42: PORTB=0X00;
   167  002FA8  0E00               	movlw	0
   168  002FAA  6E81               	movwf	3969,c	;volatile
   169                           
   170                           ;main.c: 45: }
   171  002FAC  D00E               	goto	l785
   172  002FAE                     l775:
   173                           
   174                           ;main.c: 46: else if(key==0x0b)
   175  002FAE  0E0B               	movlw	11
   176  002FB0  180A               	xorwf	main@key,w,c
   177  002FB2  A4D8               	btfss	status,2,c
   178  002FB4  D002               	goto	l779
   179                           
   180                           ;main.c: 47: {
   181                           ;main.c: 48: flag=3;
   182  002FB6  0E03               	movlw	3
   183  002FB8  D007               	goto	L3
   184  002FBA                     l779:
   185                           
   186                           ;main.c: 50: else if(key==0x07)
   187  002FBA  0E07               	movlw	7
   188  002FBC  180A               	xorwf	main@key,w,c
   189  002FBE  A4D8               	btfss	status,2,c
   190  002FC0  D002               	goto	l783
   191                           
   192                           ;main.c: 51: {
   193                           ;main.c: 52: flag=4;
   194  002FC2  0E04               	movlw	4
   195  002FC4  D001               	goto	L3
   196  002FC6                     l783:
   197                           
   198                           ;main.c: 54: else
   199                           ;main.c: 55: {
   200                           ;main.c: 56: flag=1;
   201  002FC6  0E01               	movlw	1
   202  002FC8                     L3:
   203  002FC8  6E0B               	movwf	main@flag,c
   204  002FCA                     l785:
   205                           
   206                           ;main.c: 57: }
   207                           ;main.c: 60: if(flag==1)
   208  002FCA  040B               	decf	main@flag,w,c
   209  002FCC  A4D8               	btfss	status,2,c
   210  002FCE  D003               	goto	l789
   211                           
   212                           ;main.c: 61: {
   213                           ;main.c: 62: patteren1();
   214  002FD0  EC83  F017         	call	_patteren1	;wreg free
   215                           
   216                           ;main.c: 63: }
   217  002FD4  D7D9               	goto	l765
   218  002FD6                     l789:
   219                           
   220                           ;main.c: 64: else if(flag==2)
   221  002FD6  0E02               	movlw	2
   222  002FD8  180B               	xorwf	main@flag,w,c
   223  002FDA  A4D8               	btfss	status,2,c
   224  002FDC  D003               	goto	l793
   225                           
   226                           ;main.c: 65: {
   227                           ;main.c: 66: patteren2();
   228  002FDE  ECF6  F016         	call	_patteren2	;wreg free
   229                           
   230                           ;main.c: 67: }
   231  002FE2  D7D2               	goto	l765
   232  002FE4                     l793:
   233                           
   234                           ;main.c: 68: else if(flag==3)
   235  002FE4  0E03               	movlw	3
   236  002FE6  180B               	xorwf	main@flag,w,c
   237  002FE8  A4D8               	btfss	status,2,c
   238  002FEA  D003               	goto	l797
   239                           
   240                           ;main.c: 69: {
   241                           ;main.c: 70: patteren3();
   242  002FEC  EC25  F017         	call	_patteren3	;wreg free
   243                           
   244                           ;main.c: 71: }
   245  002FF0  D7CB               	goto	l765
   246  002FF2                     l797:
   247                           
   248                           ;main.c: 72: else if(flag==4)
   249  002FF2  0E04               	movlw	4
   250  002FF4  180B               	xorwf	main@flag,w,c
   251  002FF6  A4D8               	btfss	status,2,c
   252  002FF8  D7C7               	goto	l765
   253                           
   254                           ;main.c: 73: {
   255                           ;main.c: 74: patteren4();
   256  002FFA  EC54  F017         	call	_patteren4	;wreg free
   257  002FFE  D7C4               	goto	l765
   258  003000                     __end_of_main:
   259                           	opt stack 0
   260                           status	equ	0xFD8
   261                           
   262 ;; *************** function _read_digital_keypad *****************
   263 ;; Defined at:
   264 ;;		line 95 in file "main.c"
   265 ;; Parameters:    Size  Location     Type
   266 ;;  detection       1    wreg     unsigned char 
   267 ;; Auto vars:     Size  Location     Type
   268 ;;  detection       1    0[COMRAM] unsigned char 
   269 ;; Return value:  Size  Location     Type
   270 ;;                  1    wreg      unsigned char 
   271 ;; Registers used:
   272 ;;		wreg, status,2, status,0
   273 ;; Tracked objects:
   274 ;;		On entry : 0/0
   275 ;;		On exit  : 0/0
   276 ;;		Unchanged: 0/0
   277 ;; Data sizes:     COMRAM   BANK0   BANK1   BANK2   BANK3   BANK4   BANK5
   278 ;;      Params:         0       0       0       0       0       0       0
   279 ;;      Locals:         0       0       0       0       0       0       0
   280 ;;      Temps:          0       0       0       0       0       0       0
   281 ;;      Totals:         0       0       0       0       0       0       0
   282 ;;Total ram usage:        0 bytes
   283 ;; Hardware stack levels used:    1
   284 ;; This function calls:
   285 ;;		Nothing
   286 ;; This function is called by:
   287 ;;		_main
   288 ;; This function uses a non-reentrant model
   289 ;;
   290                           
   291                           	psect	text1
   292  002DD0                     __ptext1:
   293                           	opt stack 0
   294  002DD0                     _read_digital_keypad:
   295                           	opt stack 30
   296                           
   297                           ;main.c: 115: return (PORTC & 0X0F);
   298                           
   299                           ;incstack = 0
   300  002DD0  5082               	movf	3970,w,c	;volatile
   301  002DD2  0B0F               	andlw	15
   302  002DD4  0012               	return	
   303  002DD6                     __end_of_read_digital_keypad:
   304                           	opt stack 0
   305                           status	equ	0xFD8
   306                           
   307 ;; *************** function _patteren4 *****************
   308 ;; Defined at:
   309 ;;		line 210 in file "main.c"
   310 ;; Parameters:    Size  Location     Type
   311 ;;		None
   312 ;; Auto vars:     Size  Location     Type
   313 ;;  delay           4    4[COMRAM] unsigned long 
   314 ;;  flag            1    8[COMRAM] unsigned char 
   315 ;; Return value:  Size  Location     Type
   316 ;;                  1    wreg      void 
   317 ;; Registers used:
   318 ;;		wreg, status,2, status,0
   319 ;; Tracked objects:
   320 ;;		On entry : 0/0
   321 ;;		On exit  : 0/0
   322 ;;		Unchanged: 0/0
   323 ;; Data sizes:     COMRAM   BANK0   BANK1   BANK2   BANK3   BANK4   BANK5
   324 ;;      Params:         0       0       0       0       0       0       0
   325 ;;      Locals:         5       0       0       0       0       0       0
   326 ;;      Temps:          4       0       0       0       0       0       0
   327 ;;      Totals:         9       0       0       0       0       0       0
   328 ;;Total ram usage:        9 bytes
   329 ;; Hardware stack levels used:    1
   330 ;; This function calls:
   331 ;;		Nothing
   332 ;; This function is called by:
   333 ;;		_main
   334 ;; This function uses a non-reentrant model
   335 ;;
   336                           
   337                           	psect	text2
   338  002EA8                     __ptext2:
   339                           	opt stack 0
   340  002EA8                     _patteren4:
   341                           	opt stack 30
   342                           
   343                           ;main.c: 212: unsigned long int delay=0;
   344                           
   345                           ;incstack = 0
   346  002EA8  0E00               	movlw	0
   347  002EAA  6E05               	movwf	patteren4@delay,c
   348  002EAC  0E00               	movlw	0
   349  002EAE  6E06               	movwf	patteren4@delay+1,c
   350  002EB0  0E00               	movlw	0
   351  002EB2  6E07               	movwf	patteren4@delay+2,c
   352  002EB4  0E00               	movlw	0
   353  002EB6  6E08               	movwf	patteren4@delay+3,c
   354                           
   355                           ;main.c: 213: unsigned char flag=1;
   356  002EB8  0E01               	movlw	1
   357  002EBA  6E09               	movwf	patteren4@flag,c
   358                           
   359                           ;main.c: 214: if(delay++ >= 50000)
   360  002EBC  C005  F001         	movff	patteren4@delay,??_patteren4
   361  002EC0  C006  F002         	movff	patteren4@delay+1,??_patteren4+1
   362  002EC4  C007  F003         	movff	patteren4@delay+2,??_patteren4+2
   363  002EC8  C008  F004         	movff	patteren4@delay+3,??_patteren4+3
   364  002ECC  2A05               	incf	patteren4@delay,f,c
   365  002ECE  0E00               	movlw	0
   366  002ED0  2206               	addwfc	patteren4@delay+1,f,c
   367  002ED2  2207               	addwfc	patteren4@delay+2,f,c
   368  002ED4  2208               	addwfc	patteren4@delay+3,f,c
   369  002ED6  5004               	movf	??_patteren4+3,w,c
   370  002ED8  1003               	iorwf	??_patteren4+2,w,c
   371  002EDA  E106               	bnz	u120
   372  002EDC  0E50               	movlw	80
   373  002EDE  5C01               	subwf	??_patteren4,w,c
   374  002EE0  0EC3               	movlw	195
   375  002EE2  5802               	subwfb	??_patteren4+1,w,c
   376  002EE4  A0D8               	btfss	status,0,c
   377  002EE6  0012               	return	
   378  002EE8                     u120:
   379                           
   380                           ;main.c: 215: {
   381                           ;main.c: 216: if(flag==1)
   382  002EE8  0409               	decf	patteren4@flag,w,c
   383  002EEA  A4D8               	btfss	status,2,c
   384  002EEC  D004               	goto	l753
   385                           
   386                           ;main.c: 217: {
   387                           ;main.c: 218: PORTB=0xf0;
   388  002EEE  0EF0               	movlw	240
   389  002EF0  6E81               	movwf	3969,c	;volatile
   390                           
   391                           ;main.c: 219: flag++;
   392  002EF2  2A09               	incf	patteren4@flag,f,c
   393                           
   394                           ;main.c: 221: }
   395  002EF4  0012               	return	
   396  002EF6                     l753:
   397                           
   398                           ;main.c: 222: else if(flag==2)
   399  002EF6  0E02               	movlw	2
   400  002EF8  1809               	xorwf	patteren4@flag,w,c
   401  002EFA  A4D8               	btfss	status,2,c
   402  002EFC  0012               	return	
   403                           
   404                           ;main.c: 223: {
   405                           ;main.c: 224: PORTB=~PORTB;
   406  002EFE  1E81               	comf	3969,f,c	;volatile
   407                           
   408                           ;main.c: 225: flag=1;
   409  002F00  0E01               	movlw	1
   410  002F02  6E09               	movwf	patteren4@flag,c
   411  002F04  0012               	return	
   412  002F06                     __end_of_patteren4:
   413                           	opt stack 0
   414                           status	equ	0xFD8
   415                           
   416 ;; *************** function _patteren3 *****************
   417 ;; Defined at:
   418 ;;		line 184 in file "main.c"
   419 ;; Parameters:    Size  Location     Type
   420 ;;		None
   421 ;; Auto vars:     Size  Location     Type
   422 ;;  delay           4    4[COMRAM] unsigned long 
   423 ;;  flag            1    8[COMRAM] unsigned char 
   424 ;; Return value:  Size  Location     Type
   425 ;;                  1    wreg      void 
   426 ;; Registers used:
   427 ;;		wreg, status,2, status,0
   428 ;; Tracked objects:
   429 ;;		On entry : 0/0
   430 ;;		On exit  : 0/0
   431 ;;		Unchanged: 0/0
   432 ;; Data sizes:     COMRAM   BANK0   BANK1   BANK2   BANK3   BANK4   BANK5
   433 ;;      Params:         0       0       0       0       0       0       0
   434 ;;      Locals:         5       0       0       0       0       0       0
   435 ;;      Temps:          4       0       0       0       0       0       0
   436 ;;      Totals:         9       0       0       0       0       0       0
   437 ;;Total ram usage:        9 bytes
   438 ;; Hardware stack levels used:    1
   439 ;; This function calls:
   440 ;;		Nothing
   441 ;; This function is called by:
   442 ;;		_main
   443 ;; This function uses a non-reentrant model
   444 ;;
   445                           
   446                           	psect	text3
   447  002E4A                     __ptext3:
   448                           	opt stack 0
   449  002E4A                     _patteren3:
   450                           	opt stack 30
   451                           
   452                           ;main.c: 187: unsigned long int delay=0;
   453                           
   454                           ;incstack = 0
   455  002E4A  0E00               	movlw	0
   456  002E4C  6E05               	movwf	patteren3@delay,c
   457  002E4E  0E00               	movlw	0
   458  002E50  6E06               	movwf	patteren3@delay+1,c
   459  002E52  0E00               	movlw	0
   460  002E54  6E07               	movwf	patteren3@delay+2,c
   461  002E56  0E00               	movlw	0
   462  002E58  6E08               	movwf	patteren3@delay+3,c
   463                           
   464                           ;main.c: 188: unsigned char flag=1;
   465  002E5A  0E01               	movlw	1
   466  002E5C  6E09               	movwf	patteren3@flag,c
   467                           
   468                           ;main.c: 189: if(delay++ >= 50000)
   469  002E5E  C005  F001         	movff	patteren3@delay,??_patteren3
   470  002E62  C006  F002         	movff	patteren3@delay+1,??_patteren3+1
   471  002E66  C007  F003         	movff	patteren3@delay+2,??_patteren3+2
   472  002E6A  C008  F004         	movff	patteren3@delay+3,??_patteren3+3
   473  002E6E  2A05               	incf	patteren3@delay,f,c
   474  002E70  0E00               	movlw	0
   475  002E72  2206               	addwfc	patteren3@delay+1,f,c
   476  002E74  2207               	addwfc	patteren3@delay+2,f,c
   477  002E76  2208               	addwfc	patteren3@delay+3,f,c
   478  002E78  5004               	movf	??_patteren3+3,w,c
   479  002E7A  1003               	iorwf	??_patteren3+2,w,c
   480  002E7C  E106               	bnz	u90
   481  002E7E  0E50               	movlw	80
   482  002E80  5C01               	subwf	??_patteren3,w,c
   483  002E82  0EC3               	movlw	195
   484  002E84  5802               	subwfb	??_patteren3+1,w,c
   485  002E86  A0D8               	btfss	status,0,c
   486  002E88  0012               	return	
   487  002E8A                     u90:
   488                           
   489                           ;main.c: 190: {
   490                           ;main.c: 191: if(flag==1)
   491  002E8A  0409               	decf	patteren3@flag,w,c
   492  002E8C  A4D8               	btfss	status,2,c
   493  002E8E  D004               	goto	l737
   494                           
   495                           ;main.c: 192: {
   496                           ;main.c: 193: PORTB=0xaa;
   497  002E90  0EAA               	movlw	170
   498  002E92  6E81               	movwf	3969,c	;volatile
   499                           
   500                           ;main.c: 194: flag++;
   501  002E94  2A09               	incf	patteren3@flag,f,c
   502                           
   503                           ;main.c: 196: }
   504  002E96  0012               	return	
   505  002E98                     l737:
   506                           
   507                           ;main.c: 198: else if(flag==2)
   508  002E98  0E02               	movlw	2
   509  002E9A  1809               	xorwf	patteren3@flag,w,c
   510  002E9C  A4D8               	btfss	status,2,c
   511  002E9E  0012               	return	
   512                           
   513                           ;main.c: 199: {
   514                           ;main.c: 200: PORTB=~PORTB;
   515  002EA0  1E81               	comf	3969,f,c	;volatile
   516                           
   517                           ;main.c: 201: flag=1;
   518  002EA2  0E01               	movlw	1
   519  002EA4  6E09               	movwf	patteren3@flag,c
   520  002EA6  0012               	return	
   521  002EA8                     __end_of_patteren3:
   522                           	opt stack 0
   523                           status	equ	0xFD8
   524                           
   525 ;; *************** function _patteren2 *****************
   526 ;; Defined at:
   527 ;;		line 158 in file "main.c"
   528 ;; Parameters:    Size  Location     Type
   529 ;;		None
   530 ;; Auto vars:     Size  Location     Type
   531 ;;  delay           4    0[COMRAM] unsigned long 
   532 ;;  count           1    4[COMRAM] unsigned char 
   533 ;; Return value:  Size  Location     Type
   534 ;;                  1    wreg      void 
   535 ;; Registers used:
   536 ;;		wreg, status,2, status,0
   537 ;; Tracked objects:
   538 ;;		On entry : 0/0
   539 ;;		On exit  : 0/0
   540 ;;		Unchanged: 0/0
   541 ;; Data sizes:     COMRAM   BANK0   BANK1   BANK2   BANK3   BANK4   BANK5
   542 ;;      Params:         0       0       0       0       0       0       0
   543 ;;      Locals:         5       0       0       0       0       0       0
   544 ;;      Temps:          0       0       0       0       0       0       0
   545 ;;      Totals:         5       0       0       0       0       0       0
   546 ;;Total ram usage:        5 bytes
   547 ;; Hardware stack levels used:    1
   548 ;; This function calls:
   549 ;;		Nothing
   550 ;; This function is called by:
   551 ;;		_main
   552 ;; This function uses a non-reentrant model
   553 ;;
   554                           
   555                           	psect	text4
   556  002DEC                     __ptext4:
   557                           	opt stack 0
   558  002DEC                     _patteren2:
   559                           	opt stack 30
   560                           
   561                           ;main.c: 160: unsigned char count=0;
   562                           
   563                           ;incstack = 0
   564  002DEC  0E00               	movlw	0
   565  002DEE  6E05               	movwf	patteren2@count,c
   566                           
   567                           ;main.c: 161: unsigned long int delay=0;
   568  002DF0  0E00               	movlw	0
   569  002DF2  6E01               	movwf	patteren2@delay,c
   570  002DF4  0E00               	movlw	0
   571  002DF6  6E02               	movwf	patteren2@delay+1,c
   572  002DF8  0E00               	movlw	0
   573  002DFA  6E03               	movwf	patteren2@delay+2,c
   574  002DFC  0E00               	movlw	0
   575  002DFE  6E04               	movwf	patteren2@delay+3,c
   576                           
   577                           ;main.c: 162: if(++delay >=5000)
   578  002E00  0E01               	movlw	1
   579  002E02  2601               	addwf	patteren2@delay,f,c
   580  002E04  0E00               	movlw	0
   581  002E06  2202               	addwfc	patteren2@delay+1,f,c
   582  002E08  2203               	addwfc	patteren2@delay+2,f,c
   583  002E0A  2204               	addwfc	patteren2@delay+3,f,c
   584  002E0C  5004               	movf	patteren2@delay+3,w,c
   585  002E0E  1003               	iorwf	patteren2@delay+2,w,c
   586  002E10  E106               	bnz	u60
   587  002E12  0E88               	movlw	136
   588  002E14  5C01               	subwf	patteren2@delay,w,c
   589  002E16  0E13               	movlw	19
   590  002E18  5802               	subwfb	patteren2@delay+1,w,c
   591  002E1A  A0D8               	btfss	status,0,c
   592  002E1C  D00C               	goto	l723
   593  002E1E                     u60:
   594                           
   595                           ;main.c: 163: {
   596                           ;main.c: 164: if(count <8)
   597  002E1E  0E08               	movlw	8
   598  002E20  6005               	cpfslt	patteren2@count,c
   599  002E22  D003               	goto	l719
   600                           
   601                           ;main.c: 165: {
   602                           ;main.c: 166: PORTB=PORTB<<1 | 1;
   603  002E24  80D8               	bsf	status,0,c
   604  002E26  3681               	rlcf	3969,f,c	;volatile
   605                           
   606                           ;main.c: 167: }
   607  002E28  D006               	goto	l723
   608  002E2A                     l719:
   609                           
   610                           ;main.c: 168: else if( count <16)
   611  002E2A  0E10               	movlw	16
   612  002E2C  6005               	cpfslt	patteren2@count,c
   613  002E2E  D003               	goto	l723
   614                           
   615                           ;main.c: 169: {
   616                           ;main.c: 170: PORTB=PORTB<<1;
   617  002E30  5081               	movf	3969,w,c	;volatile
   618  002E32  2481               	addwf	3969,w,c	;volatile
   619  002E34  6E81               	movwf	3969,c	;volatile
   620  002E36                     l723:
   621                           
   622                           ;main.c: 171: }
   623                           ;main.c: 173: }
   624                           ;main.c: 174: count ++;
   625  002E36  2A05               	incf	patteren2@count,f,c
   626                           
   627                           ;main.c: 175: delay=0;
   628  002E38  0E00               	movlw	0
   629  002E3A  6E01               	movwf	patteren2@delay,c
   630  002E3C  0E00               	movlw	0
   631  002E3E  6E02               	movwf	patteren2@delay+1,c
   632  002E40  0E00               	movlw	0
   633  002E42  6E03               	movwf	patteren2@delay+2,c
   634  002E44  0E00               	movlw	0
   635  002E46  6E04               	movwf	patteren2@delay+3,c
   636  002E48  0012               	return		;funcret
   637  002E4A                     __end_of_patteren2:
   638                           	opt stack 0
   639                           status	equ	0xFD8
   640                           
   641 ;; *************** function _patteren1 *****************
   642 ;; Defined at:
   643 ;;		line 120 in file "main.c"
   644 ;; Parameters:    Size  Location     Type
   645 ;;		None
   646 ;; Auto vars:     Size  Location     Type
   647 ;;  delay           4    0[COMRAM] unsigned long 
   648 ;;  count           1    4[COMRAM] unsigned char 
   649 ;; Return value:  Size  Location     Type
   650 ;;                  1    wreg      void 
   651 ;; Registers used:
   652 ;;		wreg, status,2, status,0
   653 ;; Tracked objects:
   654 ;;		On entry : 0/0
   655 ;;		On exit  : 0/0
   656 ;;		Unchanged: 0/0
   657 ;; Data sizes:     COMRAM   BANK0   BANK1   BANK2   BANK3   BANK4   BANK5
   658 ;;      Params:         0       0       0       0       0       0       0
   659 ;;      Locals:         5       0       0       0       0       0       0
   660 ;;      Temps:          0       0       0       0       0       0       0
   661 ;;      Totals:         5       0       0       0       0       0       0
   662 ;;Total ram usage:        5 bytes
   663 ;; Hardware stack levels used:    1
   664 ;; This function calls:
   665 ;;		Nothing
   666 ;; This function is called by:
   667 ;;		_main
   668 ;; This function uses a non-reentrant model
   669 ;;
   670                           
   671                           	psect	text5
   672  002F06                     __ptext5:
   673                           	opt stack 0
   674  002F06                     _patteren1:
   675                           	opt stack 30
   676                           
   677                           ;main.c: 122: unsigned char count=0;
   678                           
   679                           ;incstack = 0
   680  002F06  0E00               	movlw	0
   681  002F08  6E05               	movwf	patteren1@count,c
   682                           
   683                           ;main.c: 123: unsigned long int delay=0;
   684  002F0A  0E00               	movlw	0
   685  002F0C  6E01               	movwf	patteren1@delay,c
   686  002F0E  0E00               	movlw	0
   687  002F10  6E02               	movwf	patteren1@delay+1,c
   688  002F12  0E00               	movlw	0
   689  002F14  6E03               	movwf	patteren1@delay+2,c
   690  002F16  0E00               	movlw	0
   691  002F18  6E04               	movwf	patteren1@delay+3,c
   692                           
   693                           ;main.c: 125: if(++delay >=5000)
   694  002F1A  0E01               	movlw	1
   695  002F1C  2601               	addwf	patteren1@delay,f,c
   696  002F1E  0E00               	movlw	0
   697  002F20  2202               	addwfc	patteren1@delay+1,f,c
   698  002F22  2203               	addwfc	patteren1@delay+2,f,c
   699  002F24  2204               	addwfc	patteren1@delay+3,f,c
   700  002F26  5004               	movf	patteren1@delay+3,w,c
   701  002F28  1003               	iorwf	patteren1@delay+2,w,c
   702  002F2A  E106               	bnz	u10
   703  002F2C  0E88               	movlw	136
   704  002F2E  5C01               	subwf	patteren1@delay,w,c
   705  002F30  0E13               	movlw	19
   706  002F32  5802               	subwfb	patteren1@delay+1,w,c
   707  002F34  A0D8               	btfss	status,0,c
   708  002F36  0012               	return	
   709  002F38                     u10:
   710                           
   711                           ;main.c: 126: {
   712                           ;main.c: 127: if(count <8)
   713  002F38  0E08               	movlw	8
   714  002F3A  6005               	cpfslt	patteren1@count,c
   715  002F3C  D003               	goto	l691
   716                           
   717                           ;main.c: 128: {
   718                           ;main.c: 129: PORTB=PORTB<<1 | 1;
   719  002F3E  80D8               	bsf	status,0,c
   720  002F40  3681               	rlcf	3969,f,c	;volatile
   721                           
   722                           ;main.c: 130: }
   723  002F42  D012               	goto	l703
   724  002F44                     l691:
   725                           
   726                           ;main.c: 131: else if( count <16)
   727  002F44  0E10               	movlw	16
   728  002F46  6005               	cpfslt	patteren1@count,c
   729  002F48  D003               	goto	l695
   730                           
   731                           ;main.c: 132: {
   732                           ;main.c: 133: PORTB=PORTB<<1;
   733  002F4A  5081               	movf	3969,w,c	;volatile
   734  002F4C  2481               	addwf	3969,w,c	;volatile
   735  002F4E  D00B               	goto	L4
   736  002F50                     l695:
   737                           
   738                           ;main.c: 137: else if(count <23)
   739  002F50  0E17               	movlw	23
   740  002F52  6005               	cpfslt	patteren1@count,c
   741  002F54  D003               	goto	l699
   742                           
   743                           ;main.c: 138: {
   744                           ;main.c: 139: PORTB=PORTB>>1 | 0x80;
   745  002F56  80D8               	bsf	status,0,c
   746  002F58  3281               	rrcf	3969,f,c	;volatile
   747                           
   748                           ;main.c: 141: }
   749  002F5A  D006               	goto	l703
   750  002F5C                     l699:
   751                           
   752                           ;main.c: 142: else if(count <31)
   753  002F5C  0E1F               	movlw	31
   754  002F5E  6005               	cpfslt	patteren1@count,c
   755  002F60  D003               	goto	l703
   756                           
   757                           ;main.c: 143: {
   758                           ;main.c: 144: PORTB=PORTB>>1;
   759  002F62  90D8               	bcf	status,0,c
   760  002F64  3081               	rrcf	3969,w,c	;volatile
   761  002F66                     L4:
   762  002F66  6E81               	movwf	3969,c	;volatile
   763  002F68                     l703:
   764                           
   765                           ;main.c: 146: }
   766                           ;main.c: 147: count ++;
   767  002F68  2A05               	incf	patteren1@count,f,c
   768                           
   769                           ;main.c: 148: delay=0;
   770  002F6A  0E00               	movlw	0
   771  002F6C  6E01               	movwf	patteren1@delay,c
   772  002F6E  0E00               	movlw	0
   773  002F70  6E02               	movwf	patteren1@delay+1,c
   774  002F72  0E00               	movlw	0
   775  002F74  6E03               	movwf	patteren1@delay+2,c
   776  002F76  0E00               	movlw	0
   777  002F78  6E04               	movwf	patteren1@delay+3,c
   778  002F7A  0012               	return	
   779  002F7C                     __end_of_patteren1:
   780                           	opt stack 0
   781                           status	equ	0xFD8
   782                           
   783 ;; *************** function _init_config *****************
   784 ;; Defined at:
   785 ;;		line 86 in file "main.c"
   786 ;; Parameters:    Size  Location     Type
   787 ;;		None
   788 ;; Auto vars:     Size  Location     Type
   789 ;;		None
   790 ;; Return value:  Size  Location     Type
   791 ;;                  1    wreg      void 
   792 ;; Registers used:
   793 ;;		wreg, status,2, status,0
   794 ;; Tracked objects:
   795 ;;		On entry : 0/0
   796 ;;		On exit  : 0/0
   797 ;;		Unchanged: 0/0
   798 ;; Data sizes:     COMRAM   BANK0   BANK1   BANK2   BANK3   BANK4   BANK5
   799 ;;      Params:         0       0       0       0       0       0       0
   800 ;;      Locals:         0       0       0       0       0       0       0
   801 ;;      Temps:          0       0       0       0       0       0       0
   802 ;;      Totals:         0       0       0       0       0       0       0
   803 ;;Total ram usage:        0 bytes
   804 ;; Hardware stack levels used:    1
   805 ;; This function calls:
   806 ;;		Nothing
   807 ;; This function is called by:
   808 ;;		_main
   809 ;; This function uses a non-reentrant model
   810 ;;
   811                           
   812                           	psect	text6
   813  002DDC                     __ptext6:
   814                           	opt stack 0
   815  002DDC                     _init_config:
   816                           	opt stack 30
   817                           
   818                           ;main.c: 88: TRISB=0x00;
   819                           
   820                           ;incstack = 0
   821  002DDC  0E00               	movlw	0
   822  002DDE  6E93               	movwf	3987,c	;volatile
   823                           
   824                           ;main.c: 89: TRISC=TRISC|0x0F;
   825  002DE0  5094               	movf	3988,w,c	;volatile
   826  002DE2  090F               	iorlw	15
   827  002DE4  6E94               	movwf	3988,c	;volatile
   828                           
   829                           ;main.c: 90: PORTB=0x00;
   830  002DE6  0E00               	movlw	0
   831  002DE8  6E81               	movwf	3969,c	;volatile
   832  002DEA  0012               	return		;funcret
   833  002DEC                     __end_of_init_config:
   834                           	opt stack 0
   835  0000                     status	equ	0xFD8
   836                           status	equ	0xFD8
   837                           
   838                           	psect	rparam
   839  0000                     status	equ	0xFD8


Data Sizes:
    Strings     0
    Constant    0
    Data        0
    BSS         0
    Persistent  0
    Stack       0

Auto Spaces:
    Space          Size  Autos    Used
    COMRAM           95     11      11
    BANK0           160      0       0
    BANK1           256      0       0
    BANK2           256      0       0
    BANK3           256      0       0
    BANK4           256      0       0
    BANK5           256      0       0

Pointer List with Targets:

    None.

Critical Paths under _main in COMRAM

    _main->_patteren3
    _main->_patteren4

Critical Paths under _main in BANK0

    None.

Critical Paths under _main in BANK1

    None.

Critical Paths under _main in BANK2

    None.

Critical Paths under _main in BANK3

    None.

Critical Paths under _main in BANK4

    None.

Critical Paths under _main in BANK5

    None.

Call Graph Tables:

 ---------------------------------------------------------------------------------
 (Depth) Function   	        Calls       Base Space   Used Autos Params    Refs
 ---------------------------------------------------------------------------------
 (0) _main                                                 2     2      0     330
                                              9 COMRAM     2     2      0
                        _init_config
                          _patteren1
                          _patteren2
                          _patteren3
                          _patteren4
                _read_digital_keypad
 ---------------------------------------------------------------------------------
 (1) _read_digital_keypad                                  1     1      0       0
 ---------------------------------------------------------------------------------
 (1) _patteren4                                            9     9      0      45
                                              0 COMRAM     9     9      0
 ---------------------------------------------------------------------------------
 (1) _patteren3                                            9     9      0      45
                                              0 COMRAM     9     9      0
 ---------------------------------------------------------------------------------
 (1) _patteren2                                            5     5      0      45
                                              0 COMRAM     5     5      0
 ---------------------------------------------------------------------------------
 (1) _patteren1                                            5     5      0      75
                                              0 COMRAM     5     5      0
 ---------------------------------------------------------------------------------
 (1) _init_config                                          0     0      0       0
 ---------------------------------------------------------------------------------
 Estimated maximum stack depth 1
 ---------------------------------------------------------------------------------

 Call Graph Graphs:

 _main (ROOT)
   _init_config
   _patteren1
   _patteren2
   _patteren3
   _patteren4
   _read_digital_keypad

 Address spaces:
Name               Size   Autos  Total    Cost      Usage
BITCOMRAM           5F      0       0       0        0.0%
EEDATA             100      0       0       0        0.0%
NULL                 0      0       0       0        0.0%
CODE                 0      0       0       0        0.0%
COMRAM              5F      B       B       1       11.6%
STACK                0      0       0       2        0.0%
ABS                  0      0       0       3        0.0%
BITBANK0            A0      0       0       4        0.0%
BANK0               A0      0       0       5        0.0%
BITBANK1           100      0       0       6        0.0%
BANK1              100      0       0       7        0.0%
BITBANK2           100      0       0       8        0.0%
BANK2              100      0       0       9        0.0%
BITBANK3           100      0       0      10        0.0%
BANK3              100      0       0      11        0.0%
BITBANK4           100      0       0      12        0.0%
BANK4              100      0       0      13        0.0%
BITBANK5           100      0       0      14        0.0%
BANK5              100      0       0      15        0.0%
BIGRAM             5FF      0       0      16        0.0%
DATA                 0      0       0      17        0.0%
BITSFR_3             0      0       0      40        0.0%
SFR_3                0      0       0      40        0.0%
BITSFR_2             0      0       0      40        0.0%
SFR_2                0      0       0      40        0.0%
BITSFR_1             0      0       0      40        0.0%
SFR_1                0      0       0      40        0.0%
BITSFR               0      0       0      40        0.0%
SFR                  0      0       0      40        0.0%


Microchip Technology PIC18 Macro Assembler V1.36 build -262312587 
Symbol Table                                                                                   Mon Jun  5 07:47:03 2023

                          u10 2F38                            u60 2E1E                            u90 2E8A  
                         l703 2F68                           l723 2E36                           l719 2E2A  
                         l737 2E98                           l753 2EF6                           l691 2F44  
                         l771 2F9C                           l765 2F88                           l695 2F50  
                         l783 2FC6                           l775 2FAE                           l793 2FE4  
                         l785 2FCA                           l699 2F5C                           l779 2FBA  
                         l797 2FF2                           l789 2FD6                           u120 2EE8  
       ??_read_digital_keypad 0001                          _main 2F7C                          start 0000  
                ___param_bank 000010                         ?_main 0001                  ?_init_config 0001  
                       _PORTB 000F81                         _PORTC 000F82                         _TRISB 000F93  
                       _TRISC 000F94                         status 000FD8               __initialization 2DD6  
                __end_of_main 3000                        ??_main 000A                 __activetblptr 000000  
                  __accesstop 0060       __end_of__initialization 2DD6                 ___rparam_used 000001  
              __pcstackCOMRAM 0001          __size_of_init_config 0010            __size_of_patteren1 0076  
          __size_of_patteren2 005E            __size_of_patteren3 005E            __size_of_patteren4 005E  
 __end_of_read_digital_keypad 2DD6                 patteren3@flag 0009                 patteren4@flag 0009  
                     __Hparam 0000                       __Lparam 0000                       __pcinit 2DD6  
                     __ramtop 0600                       __ptext0 2F7C                       __ptext1 2DD0  
                     __ptext2 2EA8                       __ptext3 2E4A                       __ptext4 2DEC  
                     __ptext5 2F06                       __ptext6 2DDC                       main@key 000A  
           __end_of_patteren1 2F7C             __end_of_patteren2 2E4A             __end_of_patteren3 2EA8  
           __end_of_patteren4 2F06          end_of_initialization 2DD6           start_initialization 2DD6  
               ??_init_config 0001           __end_of_init_config 2DEC  __size_of_read_digital_keypad 0006  
                   _patteren1 2F06                     _patteren2 2DEC                     _patteren3 2E4A  
                   _patteren4 2EA8                patteren1@delay 0001                patteren2@delay 0001  
              patteren1@count 0005                patteren3@delay 0005                patteren2@count 0005  
              patteren4@delay 0005                    ?_patteren1 0001                    ?_patteren2 0001  
                  ?_patteren3 0001                    ?_patteren4 0001                      __Hrparam 0000  
                    __Lrparam 0000                   _init_config 2DDC                 __size_of_main 0084  
                    main@flag 000B                   ??_patteren1 0001                   ??_patteren2 0001  
                 ??_patteren3 0001                   ??_patteren4 0001           _read_digital_keypad 2DD0  
read_digital_keypad@detection 0001          ?_read_digital_keypad 0001  
