

Microchip Technology PIC18 LITE Macro Assembler V1.36 build -262312587 
                                                                                               Mon Jun  5 03:10:44 2023

Microchip Technology Omniscient Code Generator v1.36 (Free mode) build 201601150325
     1                           	processor	18F4580
     2                           	fnconf	rparam,??,?,0
     3                           	opt	pw 120
     4                           	opt	lm
     5                           	psect	cinit,global,reloc=2,class=CODE,delta=1
     6                           	psect	cstackCOMRAM,global,class=COMRAM,space=1,delta=1
     7                           	psect	text0,global,reloc=2,class=CODE,delta=1
     8                           	psect	text1,global,reloc=2,class=CODE,delta=1
     9                           	psect	intsave_regs,global,class=BIGRAM,space=1,delta=1
    10                           	psect	rparam,global,class=COMRAM,space=1,delta=1
    11  0000                     _PORTB	set	3969
    12  0000                     _TRISB	set	3987
    13                           
    14                           ; #config settings
    15                           
    16                           	psect	cinit
    17  002F68                     __pcinit:
    18                           	opt stack 0
    19  002F68                     start_initialization:
    20                           	opt stack 0
    21  002F68                     __initialization:
    22                           	opt stack 0
    23  002F68                     end_of_initialization:
    24                           	opt stack 0
    25  002F68                     __end_of__initialization:
    26                           	opt stack 0
    27  002F68  0100               	movlb	0
    28  002F6A  EFBC  F017         	goto	_main	;jump to C main() function
    29                           
    30                           	psect	cstackCOMRAM
    31  000001                     __pcstackCOMRAM:
    32                           	opt stack 0
    33  000001                     main@delay:
    34                           	opt stack 0
    35                           
    36                           ; 4 bytes @ 0x0
    37  000001                     	ds	4
    38  000005                     main@count:
    39                           	opt stack 0
    40                           
    41                           ; 1 bytes @ 0x4
    42  000005                     	ds	1
    43                           
    44 ;;
    45 ;;Main: autosize = 0, tempsize = 0, incstack = 0, save=0
    46 ;;
    47 ;; *************** function _main *****************
    48 ;; Defined at:
    49 ;;		line 10 in file "main.c"
    50 ;; Parameters:    Size  Location     Type
    51 ;;		None
    52 ;; Auto vars:     Size  Location     Type
    53 ;;  delay           4    0[COMRAM] unsigned long 
    54 ;;  count           1    4[COMRAM] unsigned char 
    55 ;; Return value:  Size  Location     Type
    56 ;;                  1    wreg      void 
    57 ;; Registers used:
    58 ;;		wreg, status,2, status,0, cstack
    59 ;; Tracked objects:
    60 ;;		On entry : 0/0
    61 ;;		On exit  : 0/0
    62 ;;		Unchanged: 0/0
    63 ;; Data sizes:     COMRAM   BANK0   BANK1   BANK2   BANK3   BANK4   BANK5
    64 ;;      Params:         0       0       0       0       0       0       0
    65 ;;      Locals:         5       0       0       0       0       0       0
    66 ;;      Temps:          0       0       0       0       0       0       0
    67 ;;      Totals:         5       0       0       0       0       0       0
    68 ;;Total ram usage:        5 bytes
    69 ;; Hardware stack levels required when called:    1
    70 ;; This function calls:
    71 ;;		_init_config
    72 ;; This function is called by:
    73 ;;		Startup code after reset
    74 ;; This function uses a non-reentrant model
    75 ;;
    76                           
    77                           	psect	text0
    78  002F78                     __ptext0:
    79                           	opt stack 0
    80  002F78                     _main:
    81                           	opt stack 30
    82                           
    83                           ;main.c: 12: void init_config();
    84                           ;main.c: 13: init_config();
    85                           
    86                           ;incstack = 0
    87  002F78  ECB7  F017         	call	_init_config	;wreg free
    88                           
    89                           ;main.c: 14: unsigned char count=0;
    90  002F7C  0E00               	movlw	0
    91  002F7E  6E05               	movwf	main@count,c
    92                           
    93                           ;main.c: 15: unsigned long int delay=0;
    94  002F80  0E00               	movlw	0
    95  002F82  6E01               	movwf	main@delay,c
    96  002F84  0E00               	movlw	0
    97  002F86  6E02               	movwf	main@delay+1,c
    98  002F88  0E00               	movlw	0
    99  002F8A  6E03               	movwf	main@delay+2,c
   100  002F8C  0E00               	movlw	0
   101  002F8E  6E04               	movwf	main@delay+3,c
   102  002F90                     l630:
   103                           
   104                           ;main.c: 18: {
   105                           ;main.c: 19: if(++delay >=50000)
   106  002F90  0E01               	movlw	1
   107  002F92  2601               	addwf	main@delay,f,c
   108  002F94  0E00               	movlw	0
   109  002F96  2202               	addwfc	main@delay+1,f,c
   110  002F98  2203               	addwfc	main@delay+2,f,c
   111  002F9A  2204               	addwfc	main@delay+3,f,c
   112  002F9C  5004               	movf	main@delay+3,w,c
   113  002F9E  1003               	iorwf	main@delay+2,w,c
   114  002FA0  E106               	bnz	u10
   115  002FA2  0E50               	movlw	80
   116  002FA4  5C01               	subwf	main@delay,w,c
   117  002FA6  0EC3               	movlw	195
   118  002FA8  5802               	subwfb	main@delay+1,w,c
   119  002FAA  A0D8               	btfss	status,0,c
   120  002FAC  D7F1               	goto	l630
   121  002FAE                     u10:
   122                           
   123                           ;main.c: 20: {
   124                           ;main.c: 21: if(count <8)
   125  002FAE  0E08               	movlw	8
   126  002FB0  6005               	cpfslt	main@count,c
   127  002FB2  D003               	goto	l636
   128                           
   129                           ;main.c: 22: {
   130                           ;main.c: 23: PORTB=PORTB<<1 | 1;
   131  002FB4  80D8               	bsf	status,0,c
   132  002FB6  3681               	rlcf	3969,f,c	;volatile
   133                           
   134                           ;main.c: 24: }
   135  002FB8  D019               	goto	l12
   136  002FBA                     l636:
   137                           
   138                           ;main.c: 25: else if( count <16)
   139  002FBA  0E10               	movlw	16
   140  002FBC  6005               	cpfslt	main@count,c
   141  002FBE  D004               	goto	l640
   142                           
   143                           ;main.c: 26: {
   144                           ;main.c: 27: PORTB=PORTB<<1;
   145  002FC0  5081               	movf	3969,w,c	;volatile
   146  002FC2  2481               	addwf	3969,w,c	;volatile
   147  002FC4  6E81               	movwf	3969,c	;volatile
   148                           
   149                           ;main.c: 30: }
   150  002FC6  D012               	goto	l12
   151  002FC8                     l640:
   152                           
   153                           ;main.c: 31: else if(count <23)
   154  002FC8  0E17               	movlw	23
   155  002FCA  6005               	cpfslt	main@count,c
   156  002FCC  D003               	goto	l644
   157                           
   158                           ;main.c: 32: {
   159                           ;main.c: 33: PORTB=PORTB>>1 | 0x80;
   160  002FCE  80D8               	bsf	status,0,c
   161  002FD0  3281               	rrcf	3969,f,c	;volatile
   162                           
   163                           ;main.c: 34: }
   164  002FD2  D00C               	goto	l12
   165  002FD4                     l644:
   166                           
   167                           ;main.c: 35: else if(count <32)
   168  002FD4  0E20               	movlw	32
   169  002FD6  6005               	cpfslt	main@count,c
   170  002FD8  D009               	goto	l12
   171                           
   172                           ;main.c: 36: {
   173                           ;main.c: 37: PORTB=PORTB>>1;
   174  002FDA  90D8               	bcf	status,0,c
   175  002FDC  3081               	rrcf	3969,w,c	;volatile
   176  002FDE  6E81               	movwf	3969,c	;volatile
   177                           
   178                           ;main.c: 38: if(count==31)
   179  002FE0  0E1F               	movlw	31
   180  002FE2  1805               	xorwf	main@count,w,c
   181  002FE4  A4D8               	btfss	status,2,c
   182  002FE6  D002               	goto	l12
   183                           
   184                           ;main.c: 39: {
   185                           ;main.c: 40: count=0;
   186  002FE8  0E00               	movlw	0
   187  002FEA  6E05               	movwf	main@count,c
   188  002FEC                     l12:
   189                           
   190                           ;main.c: 41: }
   191                           ;main.c: 43: }
   192                           ;main.c: 46: delay=0;
   193  002FEC  0E00               	movlw	0
   194  002FEE  6E01               	movwf	main@delay,c
   195  002FF0  0E00               	movlw	0
   196  002FF2  6E02               	movwf	main@delay+1,c
   197  002FF4  0E00               	movlw	0
   198  002FF6  6E03               	movwf	main@delay+2,c
   199  002FF8  0E00               	movlw	0
   200  002FFA  6E04               	movwf	main@delay+3,c
   201                           
   202                           ;main.c: 47: count ++;
   203  002FFC  2A05               	incf	main@count,f,c
   204  002FFE  D7C8               	goto	l630
   205  003000                     __end_of_main:
   206                           	opt stack 0
   207                           status	equ	0xFD8
   208                           
   209 ;; *************** function _init_config *****************
   210 ;; Defined at:
   211 ;;		line 56 in file "main.c"
   212 ;; Parameters:    Size  Location     Type
   213 ;;		None
   214 ;; Auto vars:     Size  Location     Type
   215 ;;		None
   216 ;; Return value:  Size  Location     Type
   217 ;;                  1    wreg      void 
   218 ;; Registers used:
   219 ;;		wreg, status,2
   220 ;; Tracked objects:
   221 ;;		On entry : 0/0
   222 ;;		On exit  : 0/0
   223 ;;		Unchanged: 0/0
   224 ;; Data sizes:     COMRAM   BANK0   BANK1   BANK2   BANK3   BANK4   BANK5
   225 ;;      Params:         0       0       0       0       0       0       0
   226 ;;      Locals:         0       0       0       0       0       0       0
   227 ;;      Temps:          0       0       0       0       0       0       0
   228 ;;      Totals:         0       0       0       0       0       0       0
   229 ;;Total ram usage:        0 bytes
   230 ;; Hardware stack levels used:    1
   231 ;; This function calls:
   232 ;;		Nothing
   233 ;; This function is called by:
   234 ;;		_main
   235 ;; This function uses a non-reentrant model
   236 ;;
   237                           
   238                           	psect	text1
   239  002F6E                     __ptext1:
   240                           	opt stack 0
   241  002F6E                     _init_config:
   242                           	opt stack 30
   243                           
   244                           ;main.c: 58: TRISB=0x00;
   245                           
   246                           ;incstack = 0
   247  002F6E  0E00               	movlw	0
   248  002F70  6E93               	movwf	3987,c	;volatile
   249                           
   250                           ;main.c: 59: PORTB=0x00;
   251  002F72  0E00               	movlw	0
   252  002F74  6E81               	movwf	3969,c	;volatile
   253  002F76  0012               	return		;funcret
   254  002F78                     __end_of_init_config:
   255                           	opt stack 0
   256  0000                     status	equ	0xFD8
   257                           status	equ	0xFD8
   258                           
   259                           	psect	rparam
   260  0000                     status	equ	0xFD8


Data Sizes:
    Strings     0
    Constant    0
    Data        0
    BSS         0
    Persistent  0
    Stack       0

Auto Spaces:
    Space          Size  Autos    Used
    COMRAM           95      5       5
    BANK0           160      0       0
    BANK1           256      0       0
    BANK2           256      0       0
    BANK3           256      0       0
    BANK4           256      0       0
    BANK5           256      0       0

Pointer List with Targets:

    None.

Critical Paths under _main in COMRAM

    None.

Critical Paths under _main in BANK0

    None.

Critical Paths under _main in BANK1

    None.

Critical Paths under _main in BANK2

    None.

Critical Paths under _main in BANK3

    None.

Critical Paths under _main in BANK4

    None.

Critical Paths under _main in BANK5

    None.

Call Graph Tables:

 ---------------------------------------------------------------------------------
 (Depth) Function   	        Calls       Base Space   Used Autos Params    Refs
 ---------------------------------------------------------------------------------
 (0) _main                                                 5     5      0      90
                                              0 COMRAM     5     5      0
                        _init_config
 ---------------------------------------------------------------------------------
 (1) _init_config                                          0     0      0       0
 ---------------------------------------------------------------------------------
 Estimated maximum stack depth 1
 ---------------------------------------------------------------------------------

 Call Graph Graphs:

 _main (ROOT)
   _init_config

 Address spaces:
Name               Size   Autos  Total    Cost      Usage
BITCOMRAM           5F      0       0       0        0.0%
EEDATA             100      0       0       0        0.0%
NULL                 0      0       0       0        0.0%
CODE                 0      0       0       0        0.0%
COMRAM              5F      5       5       1        5.3%
STACK                0      0       0       2        0.0%
ABS                  0      0       0       3        0.0%
BITBANK0            A0      0       0       4        0.0%
BANK0               A0      0       0       5        0.0%
BITBANK1           100      0       0       6        0.0%
BANK1              100      0       0       7        0.0%
BITBANK2           100      0       0       8        0.0%
BANK2              100      0       0       9        0.0%
BITBANK3           100      0       0      10        0.0%
BANK3              100      0       0      11        0.0%
BITBANK4           100      0       0      12        0.0%
BANK4              100      0       0      13        0.0%
BITBANK5           100      0       0      14        0.0%
BANK5              100      0       0      15        0.0%
BIGRAM             5FF      0       0      16        0.0%
DATA                 0      0       0      17        0.0%
BITSFR_3             0      0       0      40        0.0%
SFR_3                0      0       0      40        0.0%
BITSFR_2             0      0       0      40        0.0%
SFR_2                0      0       0      40        0.0%
BITSFR_1             0      0       0      40        0.0%
SFR_1                0      0       0      40        0.0%
BITSFR               0      0       0      40        0.0%
SFR                  0      0       0      40        0.0%


Microchip Technology PIC18 Macro Assembler V1.36 build -262312587 
Symbol Table                                                                                   Mon Jun  5 03:10:44 2023

                     l12 2FEC                       u10 2FAE                      l630 2F90  
                    l640 2FC8                      l644 2FD4                      l636 2FBA  
                   _main 2F78                     start 0000             ___param_bank 000010  
                  ?_main 0001             ?_init_config 0001                    _PORTB 000F81  
                  _TRISB 000F93                    status 000FD8          __initialization 2F68  
           __end_of_main 3000                   ??_main 0001            __activetblptr 000000  
             __accesstop 0060  __end_of__initialization 2F68            ___rparam_used 000001  
         __pcstackCOMRAM 0001     __size_of_init_config 000A                  __Hparam 0000  
                __Lparam 0000                  __pcinit 2F68                  __ramtop 0600  
                __ptext0 2F78                  __ptext1 2F6E     end_of_initialization 2F68  
    start_initialization 2F68            ??_init_config 0001      __end_of_init_config 2F78  
              main@delay 0001                main@count 0005                 __Hrparam 0000  
               __Lrparam 0000              _init_config 2F6E            __size_of_main 0088  
