

Microchip Technology PIC18 LITE Macro Assembler V1.36 build -262312587 
                                                                                               Fri Jun 30 05:14:03 2023

Microchip Technology Omniscient Code Generator v1.36 (Free mode) build 201601150325
     1                           	processor	18F4580
     2                           	fnconf	rparam,??,?,0
     3                           	opt	pw 120
     4                           	opt	lm
     5                           	psect	cinit,global,reloc=2,class=CODE,delta=1
     6                           	psect	bssCOMRAM,global,class=COMRAM,space=1,delta=1
     7                           	psect	cstackCOMRAM,global,class=COMRAM,space=1,delta=1
     8                           	psect	text0,global,reloc=2,class=CODE,delta=1
     9                           	psect	intcode,global,reloc=2,class=CODE,delta=1
    10                           	psect	intcode_body,global,reloc=2,class=CODE,delta=1
    11                           	psect	intsave_regs,global,class=BIGRAM,space=1,delta=1
    12                           	psect	rparam,global,class=COMRAM,space=1,delta=1
    13                           	psect	temp,global,ovrld,common,class=COMRAM,space=1,delta=1
    14  0000                     _TMR0	set	4054
    15  0000                     _PORTB	set	3969
    16  0000                     _TRISB	set	3987
    17  0000                     _GIE	set	32663
    18  0000                     _PEIE	set	32662
    19  0000                     _T08BIT	set	32430
    20  0000                     _T0CS	set	32429
    21  0000                     _TMR0IE	set	32661
    22  0000                     _TMR0IF	set	32658
    23  0000                     _TMR0ON	set	32431
    24                           
    25                           ; #config settings
    26                           
    27                           	psect	cinit
    28  0000B8                     __pcinit:
    29                           	opt stack 0
    30  0000B8                     start_initialization:
    31                           	opt stack 0
    32  0000B8                     __initialization:
    33                           	opt stack 0
    34                           
    35                           ; Clear objects allocated to COMRAM (2 bytes)
    36  0000B8  6A10               	clrf	(__pbssCOMRAM+1)& (0+255),c
    37  0000BA  6A0F               	clrf	__pbssCOMRAM& (0+255),c
    38  0000BC                     end_of_initialization:
    39                           	opt stack 0
    40  0000BC                     __end_of__initialization:
    41                           	opt stack 0
    42  0000BC  9011               	bcf	int$flags,0,c	;clear compiler interrupt flag (level 1)
    43  0000BE  9211               	bcf	int$flags,1,c	;clear compiler interrupt flag (level 2)
    44  0000C0  0100               	movlb	0
    45  0000C2  EF63  F000         	goto	_main	;jump to C main() function
    46                           
    47                           	psect	bssCOMRAM
    48  00000F                     __pbssCOMRAM:
    49                           	opt stack 0
    50  00000F                     isr@count:
    51                           	opt stack 0
    52  00000F                     	ds	2
    53                           
    54                           	psect	cstackCOMRAM
    55  000001                     __pcstackCOMRAM:
    56                           	opt stack 0
    57  000001                     ??_isr:
    58                           
    59                           ; 1 bytes @ 0x0
    60  000001                     	ds	14
    61  00000F                     
    62                           ; 1 bytes @ 0xE
    63 ;;
    64 ;;Main: autosize = 0, tempsize = 0, incstack = 0, save=0
    65 ;;
    66 ;; *************** function _main *****************
    67 ;; Defined at:
    68 ;;		line 11 in file "main.c"
    69 ;; Parameters:    Size  Location     Type
    70 ;;		None
    71 ;; Auto vars:     Size  Location     Type
    72 ;;		None
    73 ;; Return value:  Size  Location     Type
    74 ;;                  1    wreg      void 
    75 ;; Registers used:
    76 ;;		None
    77 ;; Tracked objects:
    78 ;;		On entry : 0/0
    79 ;;		On exit  : 0/0
    80 ;;		Unchanged: 0/0
    81 ;; Data sizes:     COMRAM   BANK0   BANK1   BANK2   BANK3   BANK4   BANK5
    82 ;;      Params:         0       0       0       0       0       0       0
    83 ;;      Locals:         0       0       0       0       0       0       0
    84 ;;      Temps:          0       0       0       0       0       0       0
    85 ;;      Totals:         0       0       0       0       0       0       0
    86 ;;Total ram usage:        0 bytes
    87 ;; Hardware stack levels required when called:    1
    88 ;; This function calls:
    89 ;;		Nothing
    90 ;; This function is called by:
    91 ;;		Startup code after reset
    92 ;; This function uses a non-reentrant model
    93 ;;
    94                           
    95                           	psect	text0
    96  0000C6                     __ptext0:
    97                           	opt stack 0
    98  0000C6                     _main:
    99                           	opt stack 30
   100  0000C6                     l23:
   101                           
   102                           ;main.c: 14: {
   103                           ;main.c: 15: ;
   104  0000C6  D7FF               	goto	l23
   105  0000C8                     __end_of_main:
   106                           	opt stack 0
   107                           
   108 ;; *************** function _isr *****************
   109 ;; Defined at:
   110 ;;		line 21 in file "main.c"
   111 ;; Parameters:    Size  Location     Type
   112 ;;		None
   113 ;; Auto vars:     Size  Location     Type
   114 ;;		None
   115 ;; Return value:  Size  Location     Type
   116 ;;                  1    wreg      void 
   117 ;; Registers used:
   118 ;;		wreg, status,2, status,0
   119 ;; Tracked objects:
   120 ;;		On entry : 0/0
   121 ;;		On exit  : 0/0
   122 ;;		Unchanged: 0/0
   123 ;; Data sizes:     COMRAM   BANK0   BANK1   BANK2   BANK3   BANK4   BANK5
   124 ;;      Params:         0       0       0       0       0       0       0
   125 ;;      Locals:         0       0       0       0       0       0       0
   126 ;;      Temps:         14       0       0       0       0       0       0
   127 ;;      Totals:        14       0       0       0       0       0       0
   128 ;;Total ram usage:       14 bytes
   129 ;; Hardware stack levels used:    1
   130 ;; This function calls:
   131 ;;		Nothing
   132 ;; This function is called by:
   133 ;;		Interrupt level 2
   134 ;; This function uses a non-reentrant model
   135 ;;
   136                           
   137                           	psect	intcode
   138  000008                     __pintcode:
   139                           	opt stack 0
   140  000008                     _isr:
   141                           	opt stack 30
   142                           
   143                           ;incstack = 0
   144  000008  8211               	bsf	btemp,1,c	;set compiler interrupt flag (level 2)
   145  00000A  CFFA F001          	movff	pclath,??_isr
   146  00000E  CFFB F002          	movff	pclatu,??_isr+1
   147  000012  ED0D  F000         	call	int_func,f	;refresh shadow registers
   148                           pclatu	equ	0xFFB
   149                           pclath	equ	0xFFA
   150                           
   151                           	psect	intcode_body
   152  00001A                     __pintcode_body:
   153                           	opt stack 30
   154  00001A                     int_func:
   155                           	opt stack 30
   156  00001A  0006               	pop		; remove dummy address from shadow register refresh
   157  00001C  CFE9 F003          	movff	fsr0l,??_isr+2
   158  000020  CFEA F004          	movff	fsr0h,??_isr+3
   159  000024  CFE1 F005          	movff	fsr1l,??_isr+4
   160  000028  CFE2 F006          	movff	fsr1h,??_isr+5
   161  00002C  CFD9 F007          	movff	fsr2l,??_isr+6
   162  000030  CFDA F008          	movff	fsr2h,??_isr+7
   163  000034  CFF3 F009          	movff	prodl,??_isr+8
   164  000038  CFF4 F00A          	movff	prodh,??_isr+9
   165  00003C  CFF6 F00B          	movff	tblptrl,??_isr+10
   166  000040  CFF7 F00C          	movff	tblptrh,??_isr+11
   167  000044  CFF8 F00D          	movff	tblptru,??_isr+12
   168  000048  CFF5 F00E          	movff	tablat,??_isr+13
   169                           
   170                           ;main.c: 23: static int count=0;
   171                           ;main.c: 24: if(TMR0IF)
   172  00004C  A4F2               	btfss	intcon,2,c	;volatile
   173  00004E  D016               	goto	i2l33
   174                           
   175                           ;main.c: 25: {
   176                           ;main.c: 26: TMR0=TMR0+8;
   177  000050  0E08               	movlw	8
   178  000052  24D6               	addwf	4054,w,c	;volatile
   179  000054  6ED6               	movwf	4054,c	;volatile
   180  000056  0E00               	movlw	0
   181  000058  20D7               	addwfc	4055,w,c	;volatile
   182  00005A  6ED7               	movwf	4055,c	;volatile
   183                           
   184                           ;main.c: 27: if(count++ == 20000)
   185  00005C  4A0F               	infsnz	isr@count,f,c
   186  00005E  2A10               	incf	isr@count+1,f,c
   187  000060  0E21               	movlw	33
   188  000062  180F               	xorwf	isr@count,w,c
   189  000064  E10A               	bnz	i2l640
   190  000066  0E4E               	movlw	78
   191  000068  1810               	xorwf	isr@count+1,w,c
   192  00006A  A4D8               	btfss	status,2,c
   193  00006C  D006               	goto	i2l640
   194                           
   195                           ;main.c: 28: {
   196                           ;main.c: 29: PORTB = 0XAA;
   197  00006E  0EAA               	movlw	170
   198  000070  6E81               	movwf	3969,c	;volatile
   199                           
   200                           ;main.c: 30: count=0;
   201  000072  0E00               	movlw	0
   202  000074  6E10               	movwf	isr@count+1,c
   203  000076  0E00               	movlw	0
   204  000078  6E0F               	movwf	isr@count,c
   205  00007A                     i2l640:
   206                           
   207                           ;main.c: 31: }
   208                           ;main.c: 32: TMR0IF=0;
   209  00007A  94F2               	bcf	intcon,2,c	;volatile
   210  00007C                     i2l33:
   211  00007C  C00E  FFF5         	movff	??_isr+13,tablat
   212  000080  C00D  FFF8         	movff	??_isr+12,tblptru
   213  000084  C00C  FFF7         	movff	??_isr+11,tblptrh
   214  000088  C00B  FFF6         	movff	??_isr+10,tblptrl
   215  00008C  C00A  FFF4         	movff	??_isr+9,prodh
   216  000090  C009  FFF3         	movff	??_isr+8,prodl
   217  000094  C008  FFDA         	movff	??_isr+7,fsr2h
   218  000098  C007  FFD9         	movff	??_isr+6,fsr2l
   219  00009C  C006  FFE2         	movff	??_isr+5,fsr1h
   220  0000A0  C005  FFE1         	movff	??_isr+4,fsr1l
   221  0000A4  C004  FFEA         	movff	??_isr+3,fsr0h
   222  0000A8  C003  FFE9         	movff	??_isr+2,fsr0l
   223  0000AC  C002  FFFB         	movff	??_isr+1,pclatu
   224  0000B0  C001  FFFA         	movff	??_isr,pclath
   225  0000B4  9211               	bcf	btemp,1,c	;clear compiler interrupt flag (level 2)
   226  0000B6  0011               	retfie		f
   227  0000B8                     __end_of_isr:
   228                           	opt stack 0
   229  0000                     pclatu	equ	0xFFB
   230                           pclath	equ	0xFFA
   231                           tblptru	equ	0xFF8
   232                           tblptrh	equ	0xFF7
   233                           tblptrl	equ	0xFF6
   234                           tablat	equ	0xFF5
   235                           prodh	equ	0xFF4
   236                           prodl	equ	0xFF3
   237                           intcon	equ	0xFF2
   238                           fsr0h	equ	0xFEA
   239                           fsr0l	equ	0xFE9
   240                           fsr1h	equ	0xFE2
   241                           fsr1l	equ	0xFE1
   242                           fsr2h	equ	0xFDA
   243                           fsr2l	equ	0xFD9
   244                           status	equ	0xFD8
   245                           pclatu	equ	0xFFB
   246                           pclath	equ	0xFFA
   247                           tblptru	equ	0xFF8
   248                           tblptrh	equ	0xFF7
   249                           tblptrl	equ	0xFF6
   250                           tablat	equ	0xFF5
   251                           prodh	equ	0xFF4
   252                           prodl	equ	0xFF3
   253                           intcon	equ	0xFF2
   254                           fsr0h	equ	0xFEA
   255                           fsr0l	equ	0xFE9
   256                           fsr1h	equ	0xFE2
   257                           fsr1l	equ	0xFE1
   258                           fsr2h	equ	0xFDA
   259                           fsr2l	equ	0xFD9
   260                           status	equ	0xFD8
   261                           
   262                           	psect	rparam
   263  0000                     pclatu	equ	0xFFB
   264                           pclath	equ	0xFFA
   265                           tblptru	equ	0xFF8
   266                           tblptrh	equ	0xFF7
   267                           tblptrl	equ	0xFF6
   268                           tablat	equ	0xFF5
   269                           prodh	equ	0xFF4
   270                           prodl	equ	0xFF3
   271                           intcon	equ	0xFF2
   272                           fsr0h	equ	0xFEA
   273                           fsr0l	equ	0xFE9
   274                           fsr1h	equ	0xFE2
   275                           fsr1l	equ	0xFE1
   276                           fsr2h	equ	0xFDA
   277                           fsr2l	equ	0xFD9
   278                           status	equ	0xFD8
   279                           
   280                           	psect	temp
   281  000011                     btemp:
   282                           	opt stack 0
   283  000011                     	ds	1
   284  0000                     int$flags	set	btemp
   285                           pclatu	equ	0xFFB
   286                           pclath	equ	0xFFA
   287                           tblptru	equ	0xFF8
   288                           tblptrh	equ	0xFF7
   289                           tblptrl	equ	0xFF6
   290                           tablat	equ	0xFF5
   291                           prodh	equ	0xFF4
   292                           prodl	equ	0xFF3
   293                           intcon	equ	0xFF2
   294                           fsr0h	equ	0xFEA
   295                           fsr0l	equ	0xFE9
   296                           fsr1h	equ	0xFE2
   297                           fsr1l	equ	0xFE1
   298                           fsr2h	equ	0xFDA
   299                           fsr2l	equ	0xFD9
   300                           status	equ	0xFD8


Data Sizes:
    Strings     0
    Constant    0
    Data        0
    BSS         2
    Persistent  0
    Stack       0

Auto Spaces:
    Space          Size  Autos    Used
    COMRAM           94     14      16
    BANK0           160      0       0
    BANK1           256      0       0
    BANK2           256      0       0
    BANK3           256      0       0
    BANK4           256      0       0
    BANK5           256      0       0

Pointer List with Targets:

    None.

Critical Paths under _main in COMRAM

    None.

Critical Paths under _isr in COMRAM

    None.

Critical Paths under _main in BANK0

    None.

Critical Paths under _isr in BANK0

    None.

Critical Paths under _main in BANK1

    None.

Critical Paths under _isr in BANK1

    None.

Critical Paths under _main in BANK2

    None.

Critical Paths under _isr in BANK2

    None.

Critical Paths under _main in BANK3

    None.

Critical Paths under _isr in BANK3

    None.

Critical Paths under _main in BANK4

    None.

Critical Paths under _isr in BANK4

    None.

Critical Paths under _main in BANK5

    None.

Critical Paths under _isr in BANK5

    None.

Call Graph Tables:

 ---------------------------------------------------------------------------------
 (Depth) Function   	        Calls       Base Space   Used Autos Params    Refs
 ---------------------------------------------------------------------------------
 (0) _main                                                 0     0      0       0
 ---------------------------------------------------------------------------------
 Estimated maximum stack depth 0
 ---------------------------------------------------------------------------------
 (Depth) Function   	        Calls       Base Space   Used Autos Params    Refs
 ---------------------------------------------------------------------------------
 (1) _isr                                                 14    14      0       0
                                              0 COMRAM    14    14      0
 ---------------------------------------------------------------------------------
 Estimated maximum stack depth 1
 ---------------------------------------------------------------------------------

 Call Graph Graphs:

 _main (ROOT)

 _isr (ROOT)

 Address spaces:
Name               Size   Autos  Total    Cost      Usage
BIGRAM             5FF      0       0      16        0.0%
EEDATA             100      0       0       0        0.0%
BITBANK5           100      0       0      14        0.0%
BANK5              100      0       0      15        0.0%
BITBANK4           100      0       0      12        0.0%
BANK4              100      0       0      13        0.0%
BITBANK3           100      0       0      10        0.0%
BANK3              100      0       0      11        0.0%
BITBANK2           100      0       0       8        0.0%
BANK2              100      0       0       9        0.0%
BITBANK1           100      0       0       6        0.0%
BANK1              100      0       0       7        0.0%
BITBANK0            A0      0       0       4        0.0%
BANK0               A0      0       0       5        0.0%
BITCOMRAM           5E      0       0       0        0.0%
COMRAM              5E      E      10       1       17.0%
BITSFR_3             0      0       0      40        0.0%
SFR_3                0      0       0      40        0.0%
BITSFR_2             0      0       0      40        0.0%
SFR_2                0      0       0      40        0.0%
BITSFR_1             0      0       0      40        0.0%
SFR_1                0      0       0      40        0.0%
BITSFR               0      0       0      40        0.0%
SFR                  0      0       0      40        0.0%
STACK                0      0       0       2        0.0%
NULL                 0      0       0       0        0.0%
ABS                  0      0      10       3        0.0%
DATA                 0      0      10      17        0.0%
CODE                 0      0       0       0        0.0%


Microchip Technology PIC18 Macro Assembler V1.36 build -262312587 
Symbol Table                                                                                   Fri Jun 30 05:14:03 2023

                     l23 00C6                      _GIE 007F97                      _isr 0008  
                   ?_isr 0001                     _T0CS 007EAD                     _PEIE 007F96  
                   i2l33 007C                     _TMR0 000FD6                     _main 00C6  
                   fsr0h 000FEA                     fsr1h 000FE2                     fsr0l 000FE9  
                   fsr2h 000FDA                     fsr1l 000FE1                     fsr2l 000FD9  
                   btemp 0011                     pclat 000FFA                     prodh 000FF4  
                   prodl 000FF3                     start 0016             ___param_bank 000010  
                  ??_isr 0001                    ?_main 0001                    i2l640 007A  
                  _PORTB 000F81                    _TRISB 000F93                    tablat 000FF5  
                  status 000FD8          __initialization 00B8             __end_of_main 00C8  
                 ??_main 000F            __activetblptr 000000                   _T08BIT 007EAE  
                 _TMR0IE 007F95                   _TMR0IF 007F92                   _TMR0ON 007EAF  
                 tblptrh 000FF7                   tblptrl 000FF6                   tblptru 000FF8  
             __accesstop 0060  __end_of__initialization 00BC            ___rparam_used 000001  
         __pcstackCOMRAM 0001                  __Hparam 0000                  __Lparam 0000  
                __pcinit 00B8                  __ramtop 0600                  __ptext0 00C6  
           __size_of_isr 00B0           __pintcode_body 001A     end_of_initialization 00BC  
                int_func 001A      start_initialization 00B8              __end_of_isr 00B8  
            __pbssCOMRAM 000F                __pintcode 0008                 __Hrparam 0000  
               __Lrparam 0000            __size_of_main 0002                 int$flags 0011  
               isr@count 000F                 intlevel2 0000  
