

Microchip Technology PIC18 Macro Assembler V1.36 build -262312587 
                                                                                                           Fri Jun 30 05:14:03 2023


     1                           
     2                           	; Microchip MPLAB XC8 C Compiler V1.36
     3                           	; Copyright (C) 1984-2016 HI-TECH Software
     4                           
     5                           	; Auto-generated runtime startup code for final link stage.
     6                           
     7                           	;
     8                           	; Compiler options:
     9                           	;
    10                           	; --chip=18F4580 -I/opt/microchip/xc8/v1.36/include/ --ROM=0-3000 -Q \
    11                           	; --opt=all --asmlist --summary=psect,mem -Mpic18F4580.map -DCOMPILER= \
    12                           	; -intel main.p1 -opic18F4580.hex
    13                           	;
    14                           
    15                           
    16                           	processor	18F4580
    17                           
    18                           	GLOBAL	_main,start
    19                           	FNROOT	_main
    20                           
    21  0000                     
    22                           	psect	config,class=CONFIG,delta=1,noexec
    23                           	psect	idloc,class=IDLOC,delta=1,noexec
    24                           	psect	const,class=CONST,delta=1,reloc=2,noexec
    25                           	psect	smallconst,class=SMALLCONST,delta=1,reloc=2,noexec
    26                           	psect	mediumconst,class=MEDIUMCONST,delta=1,reloc=2,noexec
    27                           	psect	rbss,class=COMRAM,space=1,noexec
    28                           	psect	bss,class=RAM,space=1,noexec
    29                           	psect	rdata,class=COMRAM,space=1,noexec
    30                           	psect	irdata,class=CODE,space=0,reloc=2,noexec
    31                           	psect	bss,class=RAM,space=1,noexec
    32                           	psect	data,class=RAM,space=1,noexec
    33                           	psect	idata,class=CODE,space=0,reloc=2,noexec
    34                           	psect	nvrram,class=COMRAM,space=1,noexec
    35                           	psect	nvbit,class=COMRAM,bit,space=1,noexec
    36                           	psect	temp,ovrld,class=COMRAM,space=1,noexec
    37                           	psect	struct,ovrld,class=COMRAM,space=1,noexec
    38                           	psect	rbit,class=COMRAM,bit,space=1,noexec
    39                           	psect	bigbss,class=BIGRAM,space=1,noexec
    40                           	psect	bigdata,class=BIGRAM,space=1,noexec
    41                           	psect	ibigdata,class=CODE,space=0,reloc=2,noexec
    42                           	psect	farbss,class=FARRAM,space=0,reloc=2,delta=1,noexec
    43                           	psect	nvFARRAM,class=FARRAM,space=0,reloc=2,delta=1,noexec
    44                           	psect	fardata,class=FARRAM,space=0,reloc=2,delta=1,noexec
    45                           	psect	ifardata,class=CODE,space=0,reloc=2,delta=1,noexec
    46                           
    47                           	psect	reset_vec,class=CODE,delta=1,reloc=2
    48                           	psect	powerup,class=CODE,delta=1,reloc=2
    49                           	psect	intcode,class=CODE,delta=1,reloc=2
    50                           	psect	intcode_body,class=CODE,delta=1,reloc=2
    51                           	psect	intcodelo,class=CODE,delta=1,reloc=2
    52                           	psect	intret,class=CODE,delta=1,reloc=2
    53                           	psect	intentry,class=CODE,delta=1,reloc=2
    54                           
    55                           	psect	intsave_regs,class=BIGRAM,space=1
    56                           	psect	init,class=CODE,delta=1,reloc=2
    57                           	psect	text,class=CODE,delta=1,reloc=2
    58                           GLOBAL	intlevel0,intlevel1,intlevel2
    59                           intlevel0:
    60  000000                     intlevel1:
    61  000000                     intlevel2:
    62  000000                     GLOBAL	intlevel3
    63                           intlevel3:
    64  000000                     	psect	end_init,class=CODE,delta=1,reloc=2
    65                           	psect	clrtext,class=CODE,delta=1,reloc=2
    66                           
    67                           	psect	eeprom_data,class=EEDATA,delta=1,noexec
    68                           	psect	smallconst
    69                           	GLOBAL	__smallconst
    70                           __smallconst:
    71  000000                     	psect	mediumconst
    72                           	GLOBAL	__mediumconst
    73                           __mediumconst:
    74  000000                     wreg	EQU	0FE8h
    75  0000                     fsr0l	EQU	0FE9h
    76  0000                     fsr0h	EQU	0FEAh
    77  0000                     fsr1l	EQU	0FE1h
    78  0000                     fsr1h	EQU	0FE2h
    79  0000                     fsr2l	EQU	0FD9h
    80  0000                     fsr2h	EQU	0FDAh
    81  0000                     postinc0	EQU	0FEEh
    82  0000                     postdec0	EQU	0FEDh
    83  0000                     postinc1	EQU	0FE6h
    84  0000                     postdec1	EQU	0FE5h
    85  0000                     postinc2	EQU	0FDEh
    86  0000                     postdec2	EQU	0FDDh
    87  0000                     tblptrl	EQU	0FF6h
    88  0000                     tblptrh	EQU	0FF7h
    89  0000                     tblptru	EQU	0FF8h
    90  0000                     tablat		EQU	0FF5h
    91  0000                     
    92                           	PSECT	ramtop,class=RAM,noexec
    93                           	GLOBAL	__S1			; top of RAM usage
    94                           	GLOBAL	__ramtop
    95                           	GLOBAL	__LRAM,__HRAM
    96                           __ramtop:
    97  000600                     
    98                           	psect	reset_vec
    99                           reset_vec:
   100  000000                     	; No powerup routine
   101                           	global start
   102                           
   103                           ; jump to start
   104                           	goto start
   105  000000  EF0B  F000         	GLOBAL __accesstop
   106                           __accesstop EQU 96
   107  0000                     
   108                           
   109                           	psect	init
   110                           start:
   111  000016                     
   112                           ;Initialize the stack pointer (FSR1)
   113                           	global stacklo, stackhi
   114                           	stacklo	equ	060h
   115  0000                     	stackhi	equ	05FFh
   116  0000                     
   117                           
   118                           	psect	stack,class=STACK,space=2,noexec
   119                           	global ___sp,___inthi_sp,___intlo_sp
   120                           ___sp:
   121  000000                     ___inthi_sp:
   122  000000                     ___intlo_sp:
   123  000000                     
   124                           	psect	end_init
   125                           	global start_initialization
   126                           	goto start_initialization	;jump to C runtime clear & initialization
   127  000016  EF5C  F000         


Microchip Technology PIC18 Macro Assembler V1.36 build -262312587 
Symbol Table                                                                                               Fri Jun 30 05:14:03 2023

                __S1 0012                 ___sp 0000                 _main 00C6                 start 0016  
              __HRAM 0000                __LRAM 0001         __mediumconst 0000               stackhi 0005FF  
             stacklo 000060           __accesstop 000060           ___inthi_sp 0000           ___intlo_sp 0000  
            __ramtop 0600  start_initialization 00B8          __smallconst 0000             intlevel0 0000  
           intlevel1 0000             intlevel2 0000             intlevel3 0000             reset_vec 0000  
